CRITICAL - 2024-05-09 05:22:33 --> ErrorException: Undefined property: App\Controllers\OrdenCompra::$load
[Method: GET, Route: orden-compra]
in APPPATH\Controllers\OrdenCompra.php on line 9.
 1 APPPATH\Controllers\OrdenCompra.php(9): CodeIgniter\Debug\Exceptions->errorHandler(2, 'Undefined property: App\\Controllers\\OrdenCompra::$load', 'C:\\Users\\natal\\Desktop\\oc-demo-app\\app\\Controllers\\OrdenCompra.php', 9)
 2 SYSTEMPATH\CodeIgniter.php(933): App\Controllers\OrdenCompra->index()
 3 SYSTEMPATH\CodeIgniter.php(509): CodeIgniter\CodeIgniter->runController(Object(App\Controllers\OrdenCompra))
 4 SYSTEMPATH\CodeIgniter.php(355): CodeIgniter\CodeIgniter->handleRequest(null, Object(Config\Cache), false)
 5 SYSTEMPATH\Boot.php(312): CodeIgniter\CodeIgniter->run()
 6 SYSTEMPATH\Boot.php(67): CodeIgniter\Boot::runCodeIgniter(Object(CodeIgniter\CodeIgniter))
 7 FCPATH\index.php(56): CodeIgniter\Boot::bootWeb(Object(Config\Paths))
 8 SYSTEMPATH\Commands\Server\rewrite.php(49): require_once('C:\\Users\\natal\\Desktop\\oc-demo-app\\public\\index.php')
CRITICAL - 2024-05-09 05:22:35 --> ErrorException: Undefined property: App\Controllers\OrdenCompra::$load
[Method: GET, Route: orden-compra]
in APPPATH\Controllers\OrdenCompra.php on line 9.
 1 APPPATH\Controllers\OrdenCompra.php(9): CodeIgniter\Debug\Exceptions->errorHandler(2, 'Undefined property: App\\Controllers\\OrdenCompra::$load', 'C:\\Users\\natal\\Desktop\\oc-demo-app\\app\\Controllers\\OrdenCompra.php', 9)
 2 SYSTEMPATH\CodeIgniter.php(933): App\Controllers\OrdenCompra->index()
 3 SYSTEMPATH\CodeIgniter.php(509): CodeIgniter\CodeIgniter->runController(Object(App\Controllers\OrdenCompra))
 4 SYSTEMPATH\CodeIgniter.php(355): CodeIgniter\CodeIgniter->handleRequest(null, Object(Config\Cache), false)
 5 SYSTEMPATH\Boot.php(312): CodeIgniter\CodeIgniter->run()
 6 SYSTEMPATH\Boot.php(67): CodeIgniter\Boot::runCodeIgniter(Object(CodeIgniter\CodeIgniter))
 7 FCPATH\index.php(56): CodeIgniter\Boot::bootWeb(Object(Config\Paths))
 8 SYSTEMPATH\Commands\Server\rewrite.php(49): require_once('C:\\Users\\natal\\Desktop\\oc-demo-app\\public\\index.php')
CRITICAL - 2024-05-09 05:22:47 --> ErrorException: Undefined property: App\Controllers\OrdenCompra::$load
[Method: GET, Route: orden-compra]
in APPPATH\Controllers\OrdenCompra.php on line 9.
 1 APPPATH\Controllers\OrdenCompra.php(9): CodeIgniter\Debug\Exceptions->errorHandler(2, 'Undefined property: App\\Controllers\\OrdenCompra::$load', 'C:\\Users\\natal\\Desktop\\oc-demo-app\\app\\Controllers\\OrdenCompra.php', 9)
 2 SYSTEMPATH\CodeIgniter.php(933): App\Controllers\OrdenCompra->index()
 3 SYSTEMPATH\CodeIgniter.php(509): CodeIgniter\CodeIgniter->runController(Object(App\Controllers\OrdenCompra))
 4 SYSTEMPATH\CodeIgniter.php(355): CodeIgniter\CodeIgniter->handleRequest(null, Object(Config\Cache), false)
 5 SYSTEMPATH\Boot.php(312): CodeIgniter\CodeIgniter->run()
 6 SYSTEMPATH\Boot.php(67): CodeIgniter\Boot::runCodeIgniter(Object(CodeIgniter\CodeIgniter))
 7 FCPATH\index.php(56): CodeIgniter\Boot::bootWeb(Object(Config\Paths))
 8 SYSTEMPATH\Commands\Server\rewrite.php(49): require_once('C:\\Users\\natal\\Desktop\\oc-demo-app\\public\\index.php')
CRITICAL - 2024-05-09 05:22:48 --> ErrorException: Undefined property: App\Controllers\OrdenCompra::$load
[Method: GET, Route: orden-compra]
in APPPATH\Controllers\OrdenCompra.php on line 9.
 1 APPPATH\Controllers\OrdenCompra.php(9): CodeIgniter\Debug\Exceptions->errorHandler(2, 'Undefined property: App\\Controllers\\OrdenCompra::$load', 'C:\\Users\\natal\\Desktop\\oc-demo-app\\app\\Controllers\\OrdenCompra.php', 9)
 2 SYSTEMPATH\CodeIgniter.php(933): App\Controllers\OrdenCompra->index()
 3 SYSTEMPATH\CodeIgniter.php(509): CodeIgniter\CodeIgniter->runController(Object(App\Controllers\OrdenCompra))
 4 SYSTEMPATH\CodeIgniter.php(355): CodeIgniter\CodeIgniter->handleRequest(null, Object(Config\Cache), false)
 5 SYSTEMPATH\Boot.php(312): CodeIgniter\CodeIgniter->run()
 6 SYSTEMPATH\Boot.php(67): CodeIgniter\Boot::runCodeIgniter(Object(CodeIgniter\CodeIgniter))
 7 FCPATH\index.php(56): CodeIgniter\Boot::bootWeb(Object(Config\Paths))
 8 SYSTEMPATH\Commands\Server\rewrite.php(49): require_once('C:\\Users\\natal\\Desktop\\oc-demo-app\\public\\index.php')
CRITICAL - 2024-05-09 05:22:48 --> ErrorException: Undefined property: App\Controllers\OrdenCompra::$load
[Method: GET, Route: orden-compra]
in APPPATH\Controllers\OrdenCompra.php on line 9.
 1 APPPATH\Controllers\OrdenCompra.php(9): CodeIgniter\Debug\Exceptions->errorHandler(2, 'Undefined property: App\\Controllers\\OrdenCompra::$load', 'C:\\Users\\natal\\Desktop\\oc-demo-app\\app\\Controllers\\OrdenCompra.php', 9)
 2 SYSTEMPATH\CodeIgniter.php(933): App\Controllers\OrdenCompra->index()
 3 SYSTEMPATH\CodeIgniter.php(509): CodeIgniter\CodeIgniter->runController(Object(App\Controllers\OrdenCompra))
 4 SYSTEMPATH\CodeIgniter.php(355): CodeIgniter\CodeIgniter->handleRequest(null, Object(Config\Cache), false)
 5 SYSTEMPATH\Boot.php(312): CodeIgniter\CodeIgniter->run()
 6 SYSTEMPATH\Boot.php(67): CodeIgniter\Boot::runCodeIgniter(Object(CodeIgniter\CodeIgniter))
 7 FCPATH\index.php(56): CodeIgniter\Boot::bootWeb(Object(Config\Paths))
 8 SYSTEMPATH\Commands\Server\rewrite.php(49): require_once('C:\\Users\\natal\\Desktop\\oc-demo-app\\public\\index.php')
CRITICAL - 2024-05-09 05:22:49 --> ErrorException: Undefined property: App\Controllers\OrdenCompra::$load
[Method: GET, Route: orden-compra]
in APPPATH\Controllers\OrdenCompra.php on line 9.
 1 APPPATH\Controllers\OrdenCompra.php(9): CodeIgniter\Debug\Exceptions->errorHandler(2, 'Undefined property: App\\Controllers\\OrdenCompra::$load', 'C:\\Users\\natal\\Desktop\\oc-demo-app\\app\\Controllers\\OrdenCompra.php', 9)
 2 SYSTEMPATH\CodeIgniter.php(933): App\Controllers\OrdenCompra->index()
 3 SYSTEMPATH\CodeIgniter.php(509): CodeIgniter\CodeIgniter->runController(Object(App\Controllers\OrdenCompra))
 4 SYSTEMPATH\CodeIgniter.php(355): CodeIgniter\CodeIgniter->handleRequest(null, Object(Config\Cache), false)
 5 SYSTEMPATH\Boot.php(312): CodeIgniter\CodeIgniter->run()
 6 SYSTEMPATH\Boot.php(67): CodeIgniter\Boot::runCodeIgniter(Object(CodeIgniter\CodeIgniter))
 7 FCPATH\index.php(56): CodeIgniter\Boot::bootWeb(Object(Config\Paths))
 8 SYSTEMPATH\Commands\Server\rewrite.php(49): require_once('C:\\Users\\natal\\Desktop\\oc-demo-app\\public\\index.php')
CRITICAL - 2024-05-09 05:22:49 --> ErrorException: Undefined property: App\Controllers\OrdenCompra::$load
[Method: GET, Route: orden-compra]
in APPPATH\Controllers\OrdenCompra.php on line 9.
 1 APPPATH\Controllers\OrdenCompra.php(9): CodeIgniter\Debug\Exceptions->errorHandler(2, 'Undefined property: App\\Controllers\\OrdenCompra::$load', 'C:\\Users\\natal\\Desktop\\oc-demo-app\\app\\Controllers\\OrdenCompra.php', 9)
 2 SYSTEMPATH\CodeIgniter.php(933): App\Controllers\OrdenCompra->index()
 3 SYSTEMPATH\CodeIgniter.php(509): CodeIgniter\CodeIgniter->runController(Object(App\Controllers\OrdenCompra))
 4 SYSTEMPATH\CodeIgniter.php(355): CodeIgniter\CodeIgniter->handleRequest(null, Object(Config\Cache), false)
 5 SYSTEMPATH\Boot.php(312): CodeIgniter\CodeIgniter->run()
 6 SYSTEMPATH\Boot.php(67): CodeIgniter\Boot::runCodeIgniter(Object(CodeIgniter\CodeIgniter))
 7 FCPATH\index.php(56): CodeIgniter\Boot::bootWeb(Object(Config\Paths))
 8 SYSTEMPATH\Commands\Server\rewrite.php(49): require_once('C:\\Users\\natal\\Desktop\\oc-demo-app\\public\\index.php')
CRITICAL - 2024-05-09 05:23:16 --> ErrorException: Undefined property: App\Controllers\OrdenCompra::$load
[Method: GET, Route: orden-compra]
in APPPATH\Controllers\OrdenCompra.php on line 9.
 1 APPPATH\Controllers\OrdenCompra.php(9): CodeIgniter\Debug\Exceptions->errorHandler(2, 'Undefined property: App\\Controllers\\OrdenCompra::$load', 'C:\\Users\\natal\\Desktop\\oc-demo-app\\app\\Controllers\\OrdenCompra.php', 9)
 2 SYSTEMPATH\CodeIgniter.php(933): App\Controllers\OrdenCompra->index()
 3 SYSTEMPATH\CodeIgniter.php(509): CodeIgniter\CodeIgniter->runController(Object(App\Controllers\OrdenCompra))
 4 SYSTEMPATH\CodeIgniter.php(355): CodeIgniter\CodeIgniter->handleRequest(null, Object(Config\Cache), false)
 5 SYSTEMPATH\Boot.php(312): CodeIgniter\CodeIgniter->run()
 6 SYSTEMPATH\Boot.php(67): CodeIgniter\Boot::runCodeIgniter(Object(CodeIgniter\CodeIgniter))
 7 FCPATH\index.php(56): CodeIgniter\Boot::bootWeb(Object(Config\Paths))
 8 SYSTEMPATH\Commands\Server\rewrite.php(49): require_once('C:\\Users\\natal\\Desktop\\oc-demo-app\\public\\index.php')
CRITICAL - 2024-05-09 05:24:28 --> ErrorException: Undefined property: App\Controllers\OrdenCompra::$load
[Method: GET, Route: orden-compra]
in APPPATH\Controllers\OrdenCompra.php on line 10.
 1 APPPATH\Controllers\OrdenCompra.php(10): CodeIgniter\Debug\Exceptions->errorHandler(2, 'Undefined property: App\\Controllers\\OrdenCompra::$load', 'C:\\Users\\natal\\Desktop\\oc-demo-app\\app\\Controllers\\OrdenCompra.php', 10)
 2 SYSTEMPATH\CodeIgniter.php(933): App\Controllers\OrdenCompra->index()
 3 SYSTEMPATH\CodeIgniter.php(509): CodeIgniter\CodeIgniter->runController(Object(App\Controllers\OrdenCompra))
 4 SYSTEMPATH\CodeIgniter.php(355): CodeIgniter\CodeIgniter->handleRequest(null, Object(Config\Cache), false)
 5 SYSTEMPATH\Boot.php(312): CodeIgniter\CodeIgniter->run()
 6 SYSTEMPATH\Boot.php(67): CodeIgniter\Boot::runCodeIgniter(Object(CodeIgniter\CodeIgniter))
 7 FCPATH\index.php(56): CodeIgniter\Boot::bootWeb(Object(Config\Paths))
 8 SYSTEMPATH\Commands\Server\rewrite.php(49): require_once('C:\\Users\\natal\\Desktop\\oc-demo-app\\public\\index.php')
CRITICAL - 2024-05-09 05:24:28 --> ErrorException: Undefined property: App\Controllers\OrdenCompra::$load
[Method: GET, Route: orden-compra]
in APPPATH\Controllers\OrdenCompra.php on line 10.
 1 APPPATH\Controllers\OrdenCompra.php(10): CodeIgniter\Debug\Exceptions->errorHandler(2, 'Undefined property: App\\Controllers\\OrdenCompra::$load', 'C:\\Users\\natal\\Desktop\\oc-demo-app\\app\\Controllers\\OrdenCompra.php', 10)
 2 SYSTEMPATH\CodeIgniter.php(933): App\Controllers\OrdenCompra->index()
 3 SYSTEMPATH\CodeIgniter.php(509): CodeIgniter\CodeIgniter->runController(Object(App\Controllers\OrdenCompra))
 4 SYSTEMPATH\CodeIgniter.php(355): CodeIgniter\CodeIgniter->handleRequest(null, Object(Config\Cache), false)
 5 SYSTEMPATH\Boot.php(312): CodeIgniter\CodeIgniter->run()
 6 SYSTEMPATH\Boot.php(67): CodeIgniter\Boot::runCodeIgniter(Object(CodeIgniter\CodeIgniter))
 7 FCPATH\index.php(56): CodeIgniter\Boot::bootWeb(Object(Config\Paths))
 8 SYSTEMPATH\Commands\Server\rewrite.php(49): require_once('C:\\Users\\natal\\Desktop\\oc-demo-app\\public\\index.php')
CRITICAL - 2024-05-09 05:24:28 --> ErrorException: Undefined property: App\Controllers\OrdenCompra::$load
[Method: GET, Route: orden-compra]
in APPPATH\Controllers\OrdenCompra.php on line 10.
 1 APPPATH\Controllers\OrdenCompra.php(10): CodeIgniter\Debug\Exceptions->errorHandler(2, 'Undefined property: App\\Controllers\\OrdenCompra::$load', 'C:\\Users\\natal\\Desktop\\oc-demo-app\\app\\Controllers\\OrdenCompra.php', 10)
 2 SYSTEMPATH\CodeIgniter.php(933): App\Controllers\OrdenCompra->index()
 3 SYSTEMPATH\CodeIgniter.php(509): CodeIgniter\CodeIgniter->runController(Object(App\Controllers\OrdenCompra))
 4 SYSTEMPATH\CodeIgniter.php(355): CodeIgniter\CodeIgniter->handleRequest(null, Object(Config\Cache), false)
 5 SYSTEMPATH\Boot.php(312): CodeIgniter\CodeIgniter->run()
 6 SYSTEMPATH\Boot.php(67): CodeIgniter\Boot::runCodeIgniter(Object(CodeIgniter\CodeIgniter))
 7 FCPATH\index.php(56): CodeIgniter\Boot::bootWeb(Object(Config\Paths))
 8 SYSTEMPATH\Commands\Server\rewrite.php(49): require_once('C:\\Users\\natal\\Desktop\\oc-demo-app\\public\\index.php')
CRITICAL - 2024-05-09 05:24:29 --> ErrorException: Undefined property: App\Controllers\OrdenCompra::$load
[Method: GET, Route: orden-compra]
in APPPATH\Controllers\OrdenCompra.php on line 10.
 1 APPPATH\Controllers\OrdenCompra.php(10): CodeIgniter\Debug\Exceptions->errorHandler(2, 'Undefined property: App\\Controllers\\OrdenCompra::$load', 'C:\\Users\\natal\\Desktop\\oc-demo-app\\app\\Controllers\\OrdenCompra.php', 10)
 2 SYSTEMPATH\CodeIgniter.php(933): App\Controllers\OrdenCompra->index()
 3 SYSTEMPATH\CodeIgniter.php(509): CodeIgniter\CodeIgniter->runController(Object(App\Controllers\OrdenCompra))
 4 SYSTEMPATH\CodeIgniter.php(355): CodeIgniter\CodeIgniter->handleRequest(null, Object(Config\Cache), false)
 5 SYSTEMPATH\Boot.php(312): CodeIgniter\CodeIgniter->run()
 6 SYSTEMPATH\Boot.php(67): CodeIgniter\Boot::runCodeIgniter(Object(CodeIgniter\CodeIgniter))
 7 FCPATH\index.php(56): CodeIgniter\Boot::bootWeb(Object(Config\Paths))
 8 SYSTEMPATH\Commands\Server\rewrite.php(49): require_once('C:\\Users\\natal\\Desktop\\oc-demo-app\\public\\index.php')
CRITICAL - 2024-05-09 05:24:29 --> ErrorException: Undefined property: App\Controllers\OrdenCompra::$load
[Method: GET, Route: orden-compra]
in APPPATH\Controllers\OrdenCompra.php on line 10.
 1 APPPATH\Controllers\OrdenCompra.php(10): CodeIgniter\Debug\Exceptions->errorHandler(2, 'Undefined property: App\\Controllers\\OrdenCompra::$load', 'C:\\Users\\natal\\Desktop\\oc-demo-app\\app\\Controllers\\OrdenCompra.php', 10)
 2 SYSTEMPATH\CodeIgniter.php(933): App\Controllers\OrdenCompra->index()
 3 SYSTEMPATH\CodeIgniter.php(509): CodeIgniter\CodeIgniter->runController(Object(App\Controllers\OrdenCompra))
 4 SYSTEMPATH\CodeIgniter.php(355): CodeIgniter\CodeIgniter->handleRequest(null, Object(Config\Cache), false)
 5 SYSTEMPATH\Boot.php(312): CodeIgniter\CodeIgniter->run()
 6 SYSTEMPATH\Boot.php(67): CodeIgniter\Boot::runCodeIgniter(Object(CodeIgniter\CodeIgniter))
 7 FCPATH\index.php(56): CodeIgniter\Boot::bootWeb(Object(Config\Paths))
 8 SYSTEMPATH\Commands\Server\rewrite.php(49): require_once('C:\\Users\\natal\\Desktop\\oc-demo-app\\public\\index.php')
CRITICAL - 2024-05-09 05:25:22 --> ErrorException: Undefined property: App\Controllers\OrdenCompra::$load
[Method: GET, Route: orden-compra]
in APPPATH\Controllers\OrdenCompra.php on line 10.
 1 APPPATH\Controllers\OrdenCompra.php(10): CodeIgniter\Debug\Exceptions->errorHandler(2, 'Undefined property: App\\Controllers\\OrdenCompra::$load', 'C:\\Users\\natal\\Desktop\\oc-demo-app\\app\\Controllers\\OrdenCompra.php', 10)
 2 SYSTEMPATH\CodeIgniter.php(933): App\Controllers\OrdenCompra->index()
 3 SYSTEMPATH\CodeIgniter.php(509): CodeIgniter\CodeIgniter->runController(Object(App\Controllers\OrdenCompra))
 4 SYSTEMPATH\CodeIgniter.php(355): CodeIgniter\CodeIgniter->handleRequest(null, Object(Config\Cache), false)
 5 SYSTEMPATH\Boot.php(312): CodeIgniter\CodeIgniter->run()
 6 SYSTEMPATH\Boot.php(67): CodeIgniter\Boot::runCodeIgniter(Object(CodeIgniter\CodeIgniter))
 7 FCPATH\index.php(56): CodeIgniter\Boot::bootWeb(Object(Config\Paths))
 8 SYSTEMPATH\Commands\Server\rewrite.php(49): require_once('C:\\Users\\natal\\Desktop\\oc-demo-app\\public\\index.php')
CRITICAL - 2024-05-09 05:25:33 --> ErrorException: Undefined property: App\Controllers\OrdenCompra::$load
[Method: GET, Route: orden-compra]
in APPPATH\Controllers\OrdenCompra.php on line 10.
 1 APPPATH\Controllers\OrdenCompra.php(10): CodeIgniter\Debug\Exceptions->errorHandler(2, 'Undefined property: App\\Controllers\\OrdenCompra::$load', 'C:\\Users\\natal\\Desktop\\oc-demo-app\\app\\Controllers\\OrdenCompra.php', 10)
 2 SYSTEMPATH\CodeIgniter.php(933): App\Controllers\OrdenCompra->index()
 3 SYSTEMPATH\CodeIgniter.php(509): CodeIgniter\CodeIgniter->runController(Object(App\Controllers\OrdenCompra))
 4 SYSTEMPATH\CodeIgniter.php(355): CodeIgniter\CodeIgniter->handleRequest(null, Object(Config\Cache), false)
 5 SYSTEMPATH\Boot.php(312): CodeIgniter\CodeIgniter->run()
 6 SYSTEMPATH\Boot.php(67): CodeIgniter\Boot::runCodeIgniter(Object(CodeIgniter\CodeIgniter))
 7 FCPATH\index.php(56): CodeIgniter\Boot::bootWeb(Object(Config\Paths))
 8 SYSTEMPATH\Commands\Server\rewrite.php(49): require_once('C:\\Users\\natal\\Desktop\\oc-demo-app\\public\\index.php')
CRITICAL - 2024-05-09 05:26:16 --> ErrorException: Undefined property: App\Controllers\OrdenCompra::$load
[Method: GET, Route: orden-compra]
in APPPATH\Controllers\OrdenCompra.php on line 10.
 1 APPPATH\Controllers\OrdenCompra.php(10): CodeIgniter\Debug\Exceptions->errorHandler(2, 'Undefined property: App\\Controllers\\OrdenCompra::$load', 'C:\\Users\\natal\\Desktop\\oc-demo-app\\app\\Controllers\\OrdenCompra.php', 10)
 2 SYSTEMPATH\CodeIgniter.php(933): App\Controllers\OrdenCompra->index()
 3 SYSTEMPATH\CodeIgniter.php(509): CodeIgniter\CodeIgniter->runController(Object(App\Controllers\OrdenCompra))
 4 SYSTEMPATH\CodeIgniter.php(355): CodeIgniter\CodeIgniter->handleRequest(null, Object(Config\Cache), false)
 5 SYSTEMPATH\Boot.php(312): CodeIgniter\CodeIgniter->run()
 6 SYSTEMPATH\Boot.php(67): CodeIgniter\Boot::runCodeIgniter(Object(CodeIgniter\CodeIgniter))
 7 FCPATH\index.php(56): CodeIgniter\Boot::bootWeb(Object(Config\Paths))
 8 SYSTEMPATH\Commands\Server\rewrite.php(49): require_once('C:\\Users\\natal\\Desktop\\oc-demo-app\\public\\index.php')
CRITICAL - 2024-05-09 05:26:36 --> ErrorException: Undefined property: App\Controllers\OrdenCompra::$load
[Method: GET, Route: orden-compra]
in APPPATH\Controllers\OrdenCompra.php on line 10.
 1 APPPATH\Controllers\OrdenCompra.php(10): CodeIgniter\Debug\Exceptions->errorHandler(2, 'Undefined property: App\\Controllers\\OrdenCompra::$load', 'C:\\Users\\natal\\Desktop\\oc-demo-app\\app\\Controllers\\OrdenCompra.php', 10)
 2 SYSTEMPATH\CodeIgniter.php(933): App\Controllers\OrdenCompra->index()
 3 SYSTEMPATH\CodeIgniter.php(509): CodeIgniter\CodeIgniter->runController(Object(App\Controllers\OrdenCompra))
 4 SYSTEMPATH\CodeIgniter.php(355): CodeIgniter\CodeIgniter->handleRequest(null, Object(Config\Cache), false)
 5 SYSTEMPATH\Boot.php(312): CodeIgniter\CodeIgniter->run()
 6 SYSTEMPATH\Boot.php(67): CodeIgniter\Boot::runCodeIgniter(Object(CodeIgniter\CodeIgniter))
 7 FCPATH\index.php(56): CodeIgniter\Boot::bootWeb(Object(Config\Paths))
 8 SYSTEMPATH\Commands\Server\rewrite.php(49): require_once('C:\\Users\\natal\\Desktop\\oc-demo-app\\public\\index.php')
CRITICAL - 2024-05-09 05:26:37 --> ErrorException: Undefined property: App\Controllers\OrdenCompra::$load
[Method: GET, Route: orden-compra]
in APPPATH\Controllers\OrdenCompra.php on line 10.
 1 APPPATH\Controllers\OrdenCompra.php(10): CodeIgniter\Debug\Exceptions->errorHandler(2, 'Undefined property: App\\Controllers\\OrdenCompra::$load', 'C:\\Users\\natal\\Desktop\\oc-demo-app\\app\\Controllers\\OrdenCompra.php', 10)
 2 SYSTEMPATH\CodeIgniter.php(933): App\Controllers\OrdenCompra->index()
 3 SYSTEMPATH\CodeIgniter.php(509): CodeIgniter\CodeIgniter->runController(Object(App\Controllers\OrdenCompra))
 4 SYSTEMPATH\CodeIgniter.php(355): CodeIgniter\CodeIgniter->handleRequest(null, Object(Config\Cache), false)
 5 SYSTEMPATH\Boot.php(312): CodeIgniter\CodeIgniter->run()
 6 SYSTEMPATH\Boot.php(67): CodeIgniter\Boot::runCodeIgniter(Object(CodeIgniter\CodeIgniter))
 7 FCPATH\index.php(56): CodeIgniter\Boot::bootWeb(Object(Config\Paths))
 8 SYSTEMPATH\Commands\Server\rewrite.php(49): require_once('C:\\Users\\natal\\Desktop\\oc-demo-app\\public\\index.php')
CRITICAL - 2024-05-09 05:26:37 --> ErrorException: Undefined property: App\Controllers\OrdenCompra::$load
[Method: GET, Route: orden-compra]
in APPPATH\Controllers\OrdenCompra.php on line 10.
 1 APPPATH\Controllers\OrdenCompra.php(10): CodeIgniter\Debug\Exceptions->errorHandler(2, 'Undefined property: App\\Controllers\\OrdenCompra::$load', 'C:\\Users\\natal\\Desktop\\oc-demo-app\\app\\Controllers\\OrdenCompra.php', 10)
 2 SYSTEMPATH\CodeIgniter.php(933): App\Controllers\OrdenCompra->index()
 3 SYSTEMPATH\CodeIgniter.php(509): CodeIgniter\CodeIgniter->runController(Object(App\Controllers\OrdenCompra))
 4 SYSTEMPATH\CodeIgniter.php(355): CodeIgniter\CodeIgniter->handleRequest(null, Object(Config\Cache), false)
 5 SYSTEMPATH\Boot.php(312): CodeIgniter\CodeIgniter->run()
 6 SYSTEMPATH\Boot.php(67): CodeIgniter\Boot::runCodeIgniter(Object(CodeIgniter\CodeIgniter))
 7 FCPATH\index.php(56): CodeIgniter\Boot::bootWeb(Object(Config\Paths))
 8 SYSTEMPATH\Commands\Server\rewrite.php(49): require_once('C:\\Users\\natal\\Desktop\\oc-demo-app\\public\\index.php')
CRITICAL - 2024-05-09 05:26:37 --> ErrorException: Undefined property: App\Controllers\OrdenCompra::$load
[Method: GET, Route: orden-compra]
in APPPATH\Controllers\OrdenCompra.php on line 10.
 1 APPPATH\Controllers\OrdenCompra.php(10): CodeIgniter\Debug\Exceptions->errorHandler(2, 'Undefined property: App\\Controllers\\OrdenCompra::$load', 'C:\\Users\\natal\\Desktop\\oc-demo-app\\app\\Controllers\\OrdenCompra.php', 10)
 2 SYSTEMPATH\CodeIgniter.php(933): App\Controllers\OrdenCompra->index()
 3 SYSTEMPATH\CodeIgniter.php(509): CodeIgniter\CodeIgniter->runController(Object(App\Controllers\OrdenCompra))
 4 SYSTEMPATH\CodeIgniter.php(355): CodeIgniter\CodeIgniter->handleRequest(null, Object(Config\Cache), false)
 5 SYSTEMPATH\Boot.php(312): CodeIgniter\CodeIgniter->run()
 6 SYSTEMPATH\Boot.php(67): CodeIgniter\Boot::runCodeIgniter(Object(CodeIgniter\CodeIgniter))
 7 FCPATH\index.php(56): CodeIgniter\Boot::bootWeb(Object(Config\Paths))
 8 SYSTEMPATH\Commands\Server\rewrite.php(49): require_once('C:\\Users\\natal\\Desktop\\oc-demo-app\\public\\index.php')
CRITICAL - 2024-05-09 05:26:37 --> ErrorException: Undefined property: App\Controllers\OrdenCompra::$load
[Method: GET, Route: orden-compra]
in APPPATH\Controllers\OrdenCompra.php on line 10.
 1 APPPATH\Controllers\OrdenCompra.php(10): CodeIgniter\Debug\Exceptions->errorHandler(2, 'Undefined property: App\\Controllers\\OrdenCompra::$load', 'C:\\Users\\natal\\Desktop\\oc-demo-app\\app\\Controllers\\OrdenCompra.php', 10)
 2 SYSTEMPATH\CodeIgniter.php(933): App\Controllers\OrdenCompra->index()
 3 SYSTEMPATH\CodeIgniter.php(509): CodeIgniter\CodeIgniter->runController(Object(App\Controllers\OrdenCompra))
 4 SYSTEMPATH\CodeIgniter.php(355): CodeIgniter\CodeIgniter->handleRequest(null, Object(Config\Cache), false)
 5 SYSTEMPATH\Boot.php(312): CodeIgniter\CodeIgniter->run()
 6 SYSTEMPATH\Boot.php(67): CodeIgniter\Boot::runCodeIgniter(Object(CodeIgniter\CodeIgniter))
 7 FCPATH\index.php(56): CodeIgniter\Boot::bootWeb(Object(Config\Paths))
 8 SYSTEMPATH\Commands\Server\rewrite.php(49): require_once('C:\\Users\\natal\\Desktop\\oc-demo-app\\public\\index.php')
CRITICAL - 2024-05-09 05:26:37 --> ErrorException: Undefined property: App\Controllers\OrdenCompra::$load
[Method: GET, Route: orden-compra]
in APPPATH\Controllers\OrdenCompra.php on line 10.
 1 APPPATH\Controllers\OrdenCompra.php(10): CodeIgniter\Debug\Exceptions->errorHandler(2, 'Undefined property: App\\Controllers\\OrdenCompra::$load', 'C:\\Users\\natal\\Desktop\\oc-demo-app\\app\\Controllers\\OrdenCompra.php', 10)
 2 SYSTEMPATH\CodeIgniter.php(933): App\Controllers\OrdenCompra->index()
 3 SYSTEMPATH\CodeIgniter.php(509): CodeIgniter\CodeIgniter->runController(Object(App\Controllers\OrdenCompra))
 4 SYSTEMPATH\CodeIgniter.php(355): CodeIgniter\CodeIgniter->handleRequest(null, Object(Config\Cache), false)
 5 SYSTEMPATH\Boot.php(312): CodeIgniter\CodeIgniter->run()
 6 SYSTEMPATH\Boot.php(67): CodeIgniter\Boot::runCodeIgniter(Object(CodeIgniter\CodeIgniter))
 7 FCPATH\index.php(56): CodeIgniter\Boot::bootWeb(Object(Config\Paths))
 8 SYSTEMPATH\Commands\Server\rewrite.php(49): require_once('C:\\Users\\natal\\Desktop\\oc-demo-app\\public\\index.php')
CRITICAL - 2024-05-09 05:26:38 --> ErrorException: Undefined property: App\Controllers\OrdenCompra::$load
[Method: GET, Route: orden-compra]
in APPPATH\Controllers\OrdenCompra.php on line 10.
 1 APPPATH\Controllers\OrdenCompra.php(10): CodeIgniter\Debug\Exceptions->errorHandler(2, 'Undefined property: App\\Controllers\\OrdenCompra::$load', 'C:\\Users\\natal\\Desktop\\oc-demo-app\\app\\Controllers\\OrdenCompra.php', 10)
 2 SYSTEMPATH\CodeIgniter.php(933): App\Controllers\OrdenCompra->index()
 3 SYSTEMPATH\CodeIgniter.php(509): CodeIgniter\CodeIgniter->runController(Object(App\Controllers\OrdenCompra))
 4 SYSTEMPATH\CodeIgniter.php(355): CodeIgniter\CodeIgniter->handleRequest(null, Object(Config\Cache), false)
 5 SYSTEMPATH\Boot.php(312): CodeIgniter\CodeIgniter->run()
 6 SYSTEMPATH\Boot.php(67): CodeIgniter\Boot::runCodeIgniter(Object(CodeIgniter\CodeIgniter))
 7 FCPATH\index.php(56): CodeIgniter\Boot::bootWeb(Object(Config\Paths))
 8 SYSTEMPATH\Commands\Server\rewrite.php(49): require_once('C:\\Users\\natal\\Desktop\\oc-demo-app\\public\\index.php')
CRITICAL - 2024-05-09 05:26:38 --> ErrorException: Undefined property: App\Controllers\OrdenCompra::$load
[Method: GET, Route: orden-compra]
in APPPATH\Controllers\OrdenCompra.php on line 10.
 1 APPPATH\Controllers\OrdenCompra.php(10): CodeIgniter\Debug\Exceptions->errorHandler(2, 'Undefined property: App\\Controllers\\OrdenCompra::$load', 'C:\\Users\\natal\\Desktop\\oc-demo-app\\app\\Controllers\\OrdenCompra.php', 10)
 2 SYSTEMPATH\CodeIgniter.php(933): App\Controllers\OrdenCompra->index()
 3 SYSTEMPATH\CodeIgniter.php(509): CodeIgniter\CodeIgniter->runController(Object(App\Controllers\OrdenCompra))
 4 SYSTEMPATH\CodeIgniter.php(355): CodeIgniter\CodeIgniter->handleRequest(null, Object(Config\Cache), false)
 5 SYSTEMPATH\Boot.php(312): CodeIgniter\CodeIgniter->run()
 6 SYSTEMPATH\Boot.php(67): CodeIgniter\Boot::runCodeIgniter(Object(CodeIgniter\CodeIgniter))
 7 FCPATH\index.php(56): CodeIgniter\Boot::bootWeb(Object(Config\Paths))
 8 SYSTEMPATH\Commands\Server\rewrite.php(49): require_once('C:\\Users\\natal\\Desktop\\oc-demo-app\\public\\index.php')
CRITICAL - 2024-05-09 05:26:38 --> ErrorException: Undefined property: App\Controllers\OrdenCompra::$load
[Method: GET, Route: orden-compra]
in APPPATH\Controllers\OrdenCompra.php on line 10.
 1 APPPATH\Controllers\OrdenCompra.php(10): CodeIgniter\Debug\Exceptions->errorHandler(2, 'Undefined property: App\\Controllers\\OrdenCompra::$load', 'C:\\Users\\natal\\Desktop\\oc-demo-app\\app\\Controllers\\OrdenCompra.php', 10)
 2 SYSTEMPATH\CodeIgniter.php(933): App\Controllers\OrdenCompra->index()
 3 SYSTEMPATH\CodeIgniter.php(509): CodeIgniter\CodeIgniter->runController(Object(App\Controllers\OrdenCompra))
 4 SYSTEMPATH\CodeIgniter.php(355): CodeIgniter\CodeIgniter->handleRequest(null, Object(Config\Cache), false)
 5 SYSTEMPATH\Boot.php(312): CodeIgniter\CodeIgniter->run()
 6 SYSTEMPATH\Boot.php(67): CodeIgniter\Boot::runCodeIgniter(Object(CodeIgniter\CodeIgniter))
 7 FCPATH\index.php(56): CodeIgniter\Boot::bootWeb(Object(Config\Paths))
 8 SYSTEMPATH\Commands\Server\rewrite.php(49): require_once('C:\\Users\\natal\\Desktop\\oc-demo-app\\public\\index.php')
CRITICAL - 2024-05-09 05:26:38 --> ErrorException: Undefined property: App\Controllers\OrdenCompra::$load
[Method: GET, Route: orden-compra]
in APPPATH\Controllers\OrdenCompra.php on line 10.
 1 APPPATH\Controllers\OrdenCompra.php(10): CodeIgniter\Debug\Exceptions->errorHandler(2, 'Undefined property: App\\Controllers\\OrdenCompra::$load', 'C:\\Users\\natal\\Desktop\\oc-demo-app\\app\\Controllers\\OrdenCompra.php', 10)
 2 SYSTEMPATH\CodeIgniter.php(933): App\Controllers\OrdenCompra->index()
 3 SYSTEMPATH\CodeIgniter.php(509): CodeIgniter\CodeIgniter->runController(Object(App\Controllers\OrdenCompra))
 4 SYSTEMPATH\CodeIgniter.php(355): CodeIgniter\CodeIgniter->handleRequest(null, Object(Config\Cache), false)
 5 SYSTEMPATH\Boot.php(312): CodeIgniter\CodeIgniter->run()
 6 SYSTEMPATH\Boot.php(67): CodeIgniter\Boot::runCodeIgniter(Object(CodeIgniter\CodeIgniter))
 7 FCPATH\index.php(56): CodeIgniter\Boot::bootWeb(Object(Config\Paths))
 8 SYSTEMPATH\Commands\Server\rewrite.php(49): require_once('C:\\Users\\natal\\Desktop\\oc-demo-app\\public\\index.php')
CRITICAL - 2024-05-09 05:27:14 --> ErrorException: Undefined property: App\Controllers\OrdenCompra::$load
[Method: GET, Route: orden-compra]
in APPPATH\Controllers\OrdenCompra.php on line 11.
 1 APPPATH\Controllers\OrdenCompra.php(11): CodeIgniter\Debug\Exceptions->errorHandler(2, 'Undefined property: App\\Controllers\\OrdenCompra::$load', 'C:\\Users\\natal\\Desktop\\oc-demo-app\\app\\Controllers\\OrdenCompra.php', 11)
 2 SYSTEMPATH\CodeIgniter.php(933): App\Controllers\OrdenCompra->index()
 3 SYSTEMPATH\CodeIgniter.php(509): CodeIgniter\CodeIgniter->runController(Object(App\Controllers\OrdenCompra))
 4 SYSTEMPATH\CodeIgniter.php(355): CodeIgniter\CodeIgniter->handleRequest(null, Object(Config\Cache), false)
 5 SYSTEMPATH\Boot.php(312): CodeIgniter\CodeIgniter->run()
 6 SYSTEMPATH\Boot.php(67): CodeIgniter\Boot::runCodeIgniter(Object(CodeIgniter\CodeIgniter))
 7 FCPATH\index.php(56): CodeIgniter\Boot::bootWeb(Object(Config\Paths))
 8 SYSTEMPATH\Commands\Server\rewrite.php(49): require_once('C:\\Users\\natal\\Desktop\\oc-demo-app\\public\\index.php')
CRITICAL - 2024-05-09 05:27:16 --> ErrorException: Undefined property: App\Controllers\OrdenCompra::$load
[Method: GET, Route: orden-compra]
in APPPATH\Controllers\OrdenCompra.php on line 11.
 1 APPPATH\Controllers\OrdenCompra.php(11): CodeIgniter\Debug\Exceptions->errorHandler(2, 'Undefined property: App\\Controllers\\OrdenCompra::$load', 'C:\\Users\\natal\\Desktop\\oc-demo-app\\app\\Controllers\\OrdenCompra.php', 11)
 2 SYSTEMPATH\CodeIgniter.php(933): App\Controllers\OrdenCompra->index()
 3 SYSTEMPATH\CodeIgniter.php(509): CodeIgniter\CodeIgniter->runController(Object(App\Controllers\OrdenCompra))
 4 SYSTEMPATH\CodeIgniter.php(355): CodeIgniter\CodeIgniter->handleRequest(null, Object(Config\Cache), false)
 5 SYSTEMPATH\Boot.php(312): CodeIgniter\CodeIgniter->run()
 6 SYSTEMPATH\Boot.php(67): CodeIgniter\Boot::runCodeIgniter(Object(CodeIgniter\CodeIgniter))
 7 FCPATH\index.php(56): CodeIgniter\Boot::bootWeb(Object(Config\Paths))
 8 SYSTEMPATH\Commands\Server\rewrite.php(49): require_once('C:\\Users\\natal\\Desktop\\oc-demo-app\\public\\index.php')
CRITICAL - 2024-05-09 05:29:39 --> CodeIgniter\View\Exceptions\ViewException: Invalid file: "template/header.php"
[Method: GET, Route: orden-compra]
in SYSTEMPATH\Exceptions\FrameworkException.php on line 41.
 1 SYSTEMPATH\View\View.php(222): CodeIgniter\Exceptions\FrameworkException::forInvalidFile('template/header.php')
 2 SYSTEMPATH\Common.php(1171): CodeIgniter\View\View->render('template/header', [], true)
 3 APPPATH\Controllers\OrdenCompra.php(9): view('template/header')
 4 SYSTEMPATH\CodeIgniter.php(933): App\Controllers\OrdenCompra->index()
 5 SYSTEMPATH\CodeIgniter.php(509): CodeIgniter\CodeIgniter->runController(Object(App\Controllers\OrdenCompra))
 6 SYSTEMPATH\CodeIgniter.php(355): CodeIgniter\CodeIgniter->handleRequest(null, Object(Config\Cache), false)
 7 SYSTEMPATH\Boot.php(312): CodeIgniter\CodeIgniter->run()
 8 SYSTEMPATH\Boot.php(67): CodeIgniter\Boot::runCodeIgniter(Object(CodeIgniter\CodeIgniter))
 9 FCPATH\index.php(56): CodeIgniter\Boot::bootWeb(Object(Config\Paths))
10 SYSTEMPATH\Commands\Server\rewrite.php(49): require_once('C:\\Users\\natal\\Desktop\\oc-demo-app\\public\\index.php')
CRITICAL - 2024-05-09 05:29:41 --> CodeIgniter\View\Exceptions\ViewException: Invalid file: "template/header.php"
[Method: GET, Route: orden-compra]
in SYSTEMPATH\Exceptions\FrameworkException.php on line 41.
 1 SYSTEMPATH\View\View.php(222): CodeIgniter\Exceptions\FrameworkException::forInvalidFile('template/header.php')
 2 SYSTEMPATH\Common.php(1171): CodeIgniter\View\View->render('template/header', [], true)
 3 APPPATH\Controllers\OrdenCompra.php(9): view('template/header')
 4 SYSTEMPATH\CodeIgniter.php(933): App\Controllers\OrdenCompra->index()
 5 SYSTEMPATH\CodeIgniter.php(509): CodeIgniter\CodeIgniter->runController(Object(App\Controllers\OrdenCompra))
 6 SYSTEMPATH\CodeIgniter.php(355): CodeIgniter\CodeIgniter->handleRequest(null, Object(Config\Cache), false)
 7 SYSTEMPATH\Boot.php(312): CodeIgniter\CodeIgniter->run()
 8 SYSTEMPATH\Boot.php(67): CodeIgniter\Boot::runCodeIgniter(Object(CodeIgniter\CodeIgniter))
 9 FCPATH\index.php(56): CodeIgniter\Boot::bootWeb(Object(Config\Paths))
10 SYSTEMPATH\Commands\Server\rewrite.php(49): require_once('C:\\Users\\natal\\Desktop\\oc-demo-app\\public\\index.php')
CRITICAL - 2024-05-09 05:29:41 --> CodeIgniter\View\Exceptions\ViewException: Invalid file: "template/header.php"
[Method: GET, Route: orden-compra]
in SYSTEMPATH\Exceptions\FrameworkException.php on line 41.
 1 SYSTEMPATH\View\View.php(222): CodeIgniter\Exceptions\FrameworkException::forInvalidFile('template/header.php')
 2 SYSTEMPATH\Common.php(1171): CodeIgniter\View\View->render('template/header', [], true)
 3 APPPATH\Controllers\OrdenCompra.php(9): view('template/header')
 4 SYSTEMPATH\CodeIgniter.php(933): App\Controllers\OrdenCompra->index()
 5 SYSTEMPATH\CodeIgniter.php(509): CodeIgniter\CodeIgniter->runController(Object(App\Controllers\OrdenCompra))
 6 SYSTEMPATH\CodeIgniter.php(355): CodeIgniter\CodeIgniter->handleRequest(null, Object(Config\Cache), false)
 7 SYSTEMPATH\Boot.php(312): CodeIgniter\CodeIgniter->run()
 8 SYSTEMPATH\Boot.php(67): CodeIgniter\Boot::runCodeIgniter(Object(CodeIgniter\CodeIgniter))
 9 FCPATH\index.php(56): CodeIgniter\Boot::bootWeb(Object(Config\Paths))
10 SYSTEMPATH\Commands\Server\rewrite.php(49): require_once('C:\\Users\\natal\\Desktop\\oc-demo-app\\public\\index.php')
CRITICAL - 2024-05-09 05:29:42 --> CodeIgniter\View\Exceptions\ViewException: Invalid file: "template/header.php"
[Method: GET, Route: orden-compra]
in SYSTEMPATH\Exceptions\FrameworkException.php on line 41.
 1 SYSTEMPATH\View\View.php(222): CodeIgniter\Exceptions\FrameworkException::forInvalidFile('template/header.php')
 2 SYSTEMPATH\Common.php(1171): CodeIgniter\View\View->render('template/header', [], true)
 3 APPPATH\Controllers\OrdenCompra.php(9): view('template/header')
 4 SYSTEMPATH\CodeIgniter.php(933): App\Controllers\OrdenCompra->index()
 5 SYSTEMPATH\CodeIgniter.php(509): CodeIgniter\CodeIgniter->runController(Object(App\Controllers\OrdenCompra))
 6 SYSTEMPATH\CodeIgniter.php(355): CodeIgniter\CodeIgniter->handleRequest(null, Object(Config\Cache), false)
 7 SYSTEMPATH\Boot.php(312): CodeIgniter\CodeIgniter->run()
 8 SYSTEMPATH\Boot.php(67): CodeIgniter\Boot::runCodeIgniter(Object(CodeIgniter\CodeIgniter))
 9 FCPATH\index.php(56): CodeIgniter\Boot::bootWeb(Object(Config\Paths))
10 SYSTEMPATH\Commands\Server\rewrite.php(49): require_once('C:\\Users\\natal\\Desktop\\oc-demo-app\\public\\index.php')
CRITICAL - 2024-05-09 05:29:42 --> CodeIgniter\View\Exceptions\ViewException: Invalid file: "template/header.php"
[Method: GET, Route: orden-compra]
in SYSTEMPATH\Exceptions\FrameworkException.php on line 41.
 1 SYSTEMPATH\View\View.php(222): CodeIgniter\Exceptions\FrameworkException::forInvalidFile('template/header.php')
 2 SYSTEMPATH\Common.php(1171): CodeIgniter\View\View->render('template/header', [], true)
 3 APPPATH\Controllers\OrdenCompra.php(9): view('template/header')
 4 SYSTEMPATH\CodeIgniter.php(933): App\Controllers\OrdenCompra->index()
 5 SYSTEMPATH\CodeIgniter.php(509): CodeIgniter\CodeIgniter->runController(Object(App\Controllers\OrdenCompra))
 6 SYSTEMPATH\CodeIgniter.php(355): CodeIgniter\CodeIgniter->handleRequest(null, Object(Config\Cache), false)
 7 SYSTEMPATH\Boot.php(312): CodeIgniter\CodeIgniter->run()
 8 SYSTEMPATH\Boot.php(67): CodeIgniter\Boot::runCodeIgniter(Object(CodeIgniter\CodeIgniter))
 9 FCPATH\index.php(56): CodeIgniter\Boot::bootWeb(Object(Config\Paths))
10 SYSTEMPATH\Commands\Server\rewrite.php(49): require_once('C:\\Users\\natal\\Desktop\\oc-demo-app\\public\\index.php')
CRITICAL - 2024-05-09 05:29:42 --> CodeIgniter\View\Exceptions\ViewException: Invalid file: "template/header.php"
[Method: GET, Route: orden-compra]
in SYSTEMPATH\Exceptions\FrameworkException.php on line 41.
 1 SYSTEMPATH\View\View.php(222): CodeIgniter\Exceptions\FrameworkException::forInvalidFile('template/header.php')
 2 SYSTEMPATH\Common.php(1171): CodeIgniter\View\View->render('template/header', [], true)
 3 APPPATH\Controllers\OrdenCompra.php(9): view('template/header')
 4 SYSTEMPATH\CodeIgniter.php(933): App\Controllers\OrdenCompra->index()
 5 SYSTEMPATH\CodeIgniter.php(509): CodeIgniter\CodeIgniter->runController(Object(App\Controllers\OrdenCompra))
 6 SYSTEMPATH\CodeIgniter.php(355): CodeIgniter\CodeIgniter->handleRequest(null, Object(Config\Cache), false)
 7 SYSTEMPATH\Boot.php(312): CodeIgniter\CodeIgniter->run()
 8 SYSTEMPATH\Boot.php(67): CodeIgniter\Boot::runCodeIgniter(Object(CodeIgniter\CodeIgniter))
 9 FCPATH\index.php(56): CodeIgniter\Boot::bootWeb(Object(Config\Paths))
10 SYSTEMPATH\Commands\Server\rewrite.php(49): require_once('C:\\Users\\natal\\Desktop\\oc-demo-app\\public\\index.php')
CRITICAL - 2024-05-09 05:29:42 --> CodeIgniter\View\Exceptions\ViewException: Invalid file: "template/header.php"
[Method: GET, Route: orden-compra]
in SYSTEMPATH\Exceptions\FrameworkException.php on line 41.
 1 SYSTEMPATH\View\View.php(222): CodeIgniter\Exceptions\FrameworkException::forInvalidFile('template/header.php')
 2 SYSTEMPATH\Common.php(1171): CodeIgniter\View\View->render('template/header', [], true)
 3 APPPATH\Controllers\OrdenCompra.php(9): view('template/header')
 4 SYSTEMPATH\CodeIgniter.php(933): App\Controllers\OrdenCompra->index()
 5 SYSTEMPATH\CodeIgniter.php(509): CodeIgniter\CodeIgniter->runController(Object(App\Controllers\OrdenCompra))
 6 SYSTEMPATH\CodeIgniter.php(355): CodeIgniter\CodeIgniter->handleRequest(null, Object(Config\Cache), false)
 7 SYSTEMPATH\Boot.php(312): CodeIgniter\CodeIgniter->run()
 8 SYSTEMPATH\Boot.php(67): CodeIgniter\Boot::runCodeIgniter(Object(CodeIgniter\CodeIgniter))
 9 FCPATH\index.php(56): CodeIgniter\Boot::bootWeb(Object(Config\Paths))
10 SYSTEMPATH\Commands\Server\rewrite.php(49): require_once('C:\\Users\\natal\\Desktop\\oc-demo-app\\public\\index.php')
CRITICAL - 2024-05-09 05:29:42 --> CodeIgniter\View\Exceptions\ViewException: Invalid file: "template/header.php"
[Method: GET, Route: orden-compra]
in SYSTEMPATH\Exceptions\FrameworkException.php on line 41.
 1 SYSTEMPATH\View\View.php(222): CodeIgniter\Exceptions\FrameworkException::forInvalidFile('template/header.php')
 2 SYSTEMPATH\Common.php(1171): CodeIgniter\View\View->render('template/header', [], true)
 3 APPPATH\Controllers\OrdenCompra.php(9): view('template/header')
 4 SYSTEMPATH\CodeIgniter.php(933): App\Controllers\OrdenCompra->index()
 5 SYSTEMPATH\CodeIgniter.php(509): CodeIgniter\CodeIgniter->runController(Object(App\Controllers\OrdenCompra))
 6 SYSTEMPATH\CodeIgniter.php(355): CodeIgniter\CodeIgniter->handleRequest(null, Object(Config\Cache), false)
 7 SYSTEMPATH\Boot.php(312): CodeIgniter\CodeIgniter->run()
 8 SYSTEMPATH\Boot.php(67): CodeIgniter\Boot::runCodeIgniter(Object(CodeIgniter\CodeIgniter))
 9 FCPATH\index.php(56): CodeIgniter\Boot::bootWeb(Object(Config\Paths))
10 SYSTEMPATH\Commands\Server\rewrite.php(49): require_once('C:\\Users\\natal\\Desktop\\oc-demo-app\\public\\index.php')
CRITICAL - 2024-05-09 05:29:43 --> CodeIgniter\View\Exceptions\ViewException: Invalid file: "template/header.php"
[Method: GET, Route: orden-compra]
in SYSTEMPATH\Exceptions\FrameworkException.php on line 41.
 1 SYSTEMPATH\View\View.php(222): CodeIgniter\Exceptions\FrameworkException::forInvalidFile('template/header.php')
 2 SYSTEMPATH\Common.php(1171): CodeIgniter\View\View->render('template/header', [], true)
 3 APPPATH\Controllers\OrdenCompra.php(9): view('template/header')
 4 SYSTEMPATH\CodeIgniter.php(933): App\Controllers\OrdenCompra->index()
 5 SYSTEMPATH\CodeIgniter.php(509): CodeIgniter\CodeIgniter->runController(Object(App\Controllers\OrdenCompra))
 6 SYSTEMPATH\CodeIgniter.php(355): CodeIgniter\CodeIgniter->handleRequest(null, Object(Config\Cache), false)
 7 SYSTEMPATH\Boot.php(312): CodeIgniter\CodeIgniter->run()
 8 SYSTEMPATH\Boot.php(67): CodeIgniter\Boot::runCodeIgniter(Object(CodeIgniter\CodeIgniter))
 9 FCPATH\index.php(56): CodeIgniter\Boot::bootWeb(Object(Config\Paths))
10 SYSTEMPATH\Commands\Server\rewrite.php(49): require_once('C:\\Users\\natal\\Desktop\\oc-demo-app\\public\\index.php')
CRITICAL - 2024-05-09 05:29:43 --> CodeIgniter\View\Exceptions\ViewException: Invalid file: "template/header.php"
[Method: GET, Route: orden-compra]
in SYSTEMPATH\Exceptions\FrameworkException.php on line 41.
 1 SYSTEMPATH\View\View.php(222): CodeIgniter\Exceptions\FrameworkException::forInvalidFile('template/header.php')
 2 SYSTEMPATH\Common.php(1171): CodeIgniter\View\View->render('template/header', [], true)
 3 APPPATH\Controllers\OrdenCompra.php(9): view('template/header')
 4 SYSTEMPATH\CodeIgniter.php(933): App\Controllers\OrdenCompra->index()
 5 SYSTEMPATH\CodeIgniter.php(509): CodeIgniter\CodeIgniter->runController(Object(App\Controllers\OrdenCompra))
 6 SYSTEMPATH\CodeIgniter.php(355): CodeIgniter\CodeIgniter->handleRequest(null, Object(Config\Cache), false)
 7 SYSTEMPATH\Boot.php(312): CodeIgniter\CodeIgniter->run()
 8 SYSTEMPATH\Boot.php(67): CodeIgniter\Boot::runCodeIgniter(Object(CodeIgniter\CodeIgniter))
 9 FCPATH\index.php(56): CodeIgniter\Boot::bootWeb(Object(Config\Paths))
10 SYSTEMPATH\Commands\Server\rewrite.php(49): require_once('C:\\Users\\natal\\Desktop\\oc-demo-app\\public\\index.php')
CRITICAL - 2024-05-09 05:30:02 --> CodeIgniter\View\Exceptions\ViewException: Invalid file: "template/header.php"
[Method: GET, Route: orden-compra]
in SYSTEMPATH\Exceptions\FrameworkException.php on line 41.
 1 SYSTEMPATH\View\View.php(222): CodeIgniter\Exceptions\FrameworkException::forInvalidFile('template/header.php')
 2 SYSTEMPATH\Common.php(1171): CodeIgniter\View\View->render('template/header', [], true)
 3 APPPATH\Controllers\OrdenCompra.php(9): view('template/header')
 4 SYSTEMPATH\CodeIgniter.php(933): App\Controllers\OrdenCompra->index()
 5 SYSTEMPATH\CodeIgniter.php(509): CodeIgniter\CodeIgniter->runController(Object(App\Controllers\OrdenCompra))
 6 SYSTEMPATH\CodeIgniter.php(355): CodeIgniter\CodeIgniter->handleRequest(null, Object(Config\Cache), false)
 7 SYSTEMPATH\Boot.php(312): CodeIgniter\CodeIgniter->run()
 8 SYSTEMPATH\Boot.php(67): CodeIgniter\Boot::runCodeIgniter(Object(CodeIgniter\CodeIgniter))
 9 FCPATH\index.php(56): CodeIgniter\Boot::bootWeb(Object(Config\Paths))
10 SYSTEMPATH\Commands\Server\rewrite.php(49): require_once('C:\\Users\\natal\\Desktop\\oc-demo-app\\public\\index.php')
CRITICAL - 2024-05-09 05:30:02 --> CodeIgniter\View\Exceptions\ViewException: Invalid file: "template/header.php"
[Method: GET, Route: orden-compra]
in SYSTEMPATH\Exceptions\FrameworkException.php on line 41.
 1 SYSTEMPATH\View\View.php(222): CodeIgniter\Exceptions\FrameworkException::forInvalidFile('template/header.php')
 2 SYSTEMPATH\Common.php(1171): CodeIgniter\View\View->render('template/header', [], true)
 3 APPPATH\Controllers\OrdenCompra.php(9): view('template/header')
 4 SYSTEMPATH\CodeIgniter.php(933): App\Controllers\OrdenCompra->index()
 5 SYSTEMPATH\CodeIgniter.php(509): CodeIgniter\CodeIgniter->runController(Object(App\Controllers\OrdenCompra))
 6 SYSTEMPATH\CodeIgniter.php(355): CodeIgniter\CodeIgniter->handleRequest(null, Object(Config\Cache), false)
 7 SYSTEMPATH\Boot.php(312): CodeIgniter\CodeIgniter->run()
 8 SYSTEMPATH\Boot.php(67): CodeIgniter\Boot::runCodeIgniter(Object(CodeIgniter\CodeIgniter))
 9 FCPATH\index.php(56): CodeIgniter\Boot::bootWeb(Object(Config\Paths))
10 SYSTEMPATH\Commands\Server\rewrite.php(49): require_once('C:\\Users\\natal\\Desktop\\oc-demo-app\\public\\index.php')
CRITICAL - 2024-05-09 05:30:03 --> CodeIgniter\View\Exceptions\ViewException: Invalid file: "template/header.php"
[Method: GET, Route: orden-compra]
in SYSTEMPATH\Exceptions\FrameworkException.php on line 41.
 1 SYSTEMPATH\View\View.php(222): CodeIgniter\Exceptions\FrameworkException::forInvalidFile('template/header.php')
 2 SYSTEMPATH\Common.php(1171): CodeIgniter\View\View->render('template/header', [], true)
 3 APPPATH\Controllers\OrdenCompra.php(9): view('template/header')
 4 SYSTEMPATH\CodeIgniter.php(933): App\Controllers\OrdenCompra->index()
 5 SYSTEMPATH\CodeIgniter.php(509): CodeIgniter\CodeIgniter->runController(Object(App\Controllers\OrdenCompra))
 6 SYSTEMPATH\CodeIgniter.php(355): CodeIgniter\CodeIgniter->handleRequest(null, Object(Config\Cache), false)
 7 SYSTEMPATH\Boot.php(312): CodeIgniter\CodeIgniter->run()
 8 SYSTEMPATH\Boot.php(67): CodeIgniter\Boot::runCodeIgniter(Object(CodeIgniter\CodeIgniter))
 9 FCPATH\index.php(56): CodeIgniter\Boot::bootWeb(Object(Config\Paths))
10 SYSTEMPATH\Commands\Server\rewrite.php(49): require_once('C:\\Users\\natal\\Desktop\\oc-demo-app\\public\\index.php')
CRITICAL - 2024-05-09 05:30:33 --> CodeIgniter\View\Exceptions\ViewException: Invalid file: "template/header.php"
[Method: GET, Route: orden-compra]
in SYSTEMPATH\Exceptions\FrameworkException.php on line 41.
 1 SYSTEMPATH\View\View.php(222): CodeIgniter\Exceptions\FrameworkException::forInvalidFile('template/header.php')
 2 SYSTEMPATH\Common.php(1171): CodeIgniter\View\View->render('template/header', [], true)
 3 APPPATH\Controllers\OrdenCompra.php(9): view('template/header')
 4 SYSTEMPATH\CodeIgniter.php(933): App\Controllers\OrdenCompra->index()
 5 SYSTEMPATH\CodeIgniter.php(509): CodeIgniter\CodeIgniter->runController(Object(App\Controllers\OrdenCompra))
 6 SYSTEMPATH\CodeIgniter.php(355): CodeIgniter\CodeIgniter->handleRequest(null, Object(Config\Cache), false)
 7 SYSTEMPATH\Boot.php(312): CodeIgniter\CodeIgniter->run()
 8 SYSTEMPATH\Boot.php(67): CodeIgniter\Boot::runCodeIgniter(Object(CodeIgniter\CodeIgniter))
 9 FCPATH\index.php(56): CodeIgniter\Boot::bootWeb(Object(Config\Paths))
10 SYSTEMPATH\Commands\Server\rewrite.php(49): require_once('C:\\Users\\natal\\Desktop\\oc-demo-app\\public\\index.php')
CRITICAL - 2024-05-09 05:30:33 --> CodeIgniter\View\Exceptions\ViewException: Invalid file: "template/header.php"
[Method: GET, Route: orden-compra]
in SYSTEMPATH\Exceptions\FrameworkException.php on line 41.
 1 SYSTEMPATH\View\View.php(222): CodeIgniter\Exceptions\FrameworkException::forInvalidFile('template/header.php')
 2 SYSTEMPATH\Common.php(1171): CodeIgniter\View\View->render('template/header', [], true)
 3 APPPATH\Controllers\OrdenCompra.php(9): view('template/header')
 4 SYSTEMPATH\CodeIgniter.php(933): App\Controllers\OrdenCompra->index()
 5 SYSTEMPATH\CodeIgniter.php(509): CodeIgniter\CodeIgniter->runController(Object(App\Controllers\OrdenCompra))
 6 SYSTEMPATH\CodeIgniter.php(355): CodeIgniter\CodeIgniter->handleRequest(null, Object(Config\Cache), false)
 7 SYSTEMPATH\Boot.php(312): CodeIgniter\CodeIgniter->run()
 8 SYSTEMPATH\Boot.php(67): CodeIgniter\Boot::runCodeIgniter(Object(CodeIgniter\CodeIgniter))
 9 FCPATH\index.php(56): CodeIgniter\Boot::bootWeb(Object(Config\Paths))
10 SYSTEMPATH\Commands\Server\rewrite.php(49): require_once('C:\\Users\\natal\\Desktop\\oc-demo-app\\public\\index.php')
CRITICAL - 2024-05-09 05:31:08 --> CodeIgniter\View\Exceptions\ViewException: Invalid file: "template/header.php"
[Method: GET, Route: orden-compra]
in SYSTEMPATH\Exceptions\FrameworkException.php on line 41.
 1 SYSTEMPATH\View\View.php(222): CodeIgniter\Exceptions\FrameworkException::forInvalidFile('template/header.php')
 2 SYSTEMPATH\Common.php(1171): CodeIgniter\View\View->render('template/header', [], true)
 3 APPPATH\Controllers\OrdenCompra.php(10): view('template/header')
 4 SYSTEMPATH\CodeIgniter.php(933): App\Controllers\OrdenCompra->index()
 5 SYSTEMPATH\CodeIgniter.php(509): CodeIgniter\CodeIgniter->runController(Object(App\Controllers\OrdenCompra))
 6 SYSTEMPATH\CodeIgniter.php(355): CodeIgniter\CodeIgniter->handleRequest(null, Object(Config\Cache), false)
 7 SYSTEMPATH\Boot.php(312): CodeIgniter\CodeIgniter->run()
 8 SYSTEMPATH\Boot.php(67): CodeIgniter\Boot::runCodeIgniter(Object(CodeIgniter\CodeIgniter))
 9 FCPATH\index.php(56): CodeIgniter\Boot::bootWeb(Object(Config\Paths))
10 SYSTEMPATH\Commands\Server\rewrite.php(49): require_once('C:\\Users\\natal\\Desktop\\oc-demo-app\\public\\index.php')
CRITICAL - 2024-05-09 05:31:39 --> CodeIgniter\View\Exceptions\ViewException: Invalid file: "template/header.php"
[Method: GET, Route: /]
in SYSTEMPATH\Exceptions\FrameworkException.php on line 41.
 1 SYSTEMPATH\View\View.php(222): CodeIgniter\Exceptions\FrameworkException::forInvalidFile('template/header.php')
 2 SYSTEMPATH\Common.php(1171): CodeIgniter\View\View->render('template/header', [], true)
 3 APPPATH\Controllers\Home.php(9): view('template/header')
 4 SYSTEMPATH\CodeIgniter.php(933): App\Controllers\Home->index()
 5 SYSTEMPATH\CodeIgniter.php(509): CodeIgniter\CodeIgniter->runController(Object(App\Controllers\Home))
 6 SYSTEMPATH\CodeIgniter.php(355): CodeIgniter\CodeIgniter->handleRequest(null, Object(Config\Cache), false)
 7 SYSTEMPATH\Boot.php(312): CodeIgniter\CodeIgniter->run()
 8 SYSTEMPATH\Boot.php(67): CodeIgniter\Boot::runCodeIgniter(Object(CodeIgniter\CodeIgniter))
 9 FCPATH\index.php(56): CodeIgniter\Boot::bootWeb(Object(Config\Paths))
10 SYSTEMPATH\Commands\Server\rewrite.php(49): require_once('C:\\Users\\natal\\Desktop\\oc-demo-app\\public\\index.php')
CRITICAL - 2024-05-09 05:32:08 --> CodeIgniter\View\Exceptions\ViewException: Invalid file: "template/header.php"
[Method: GET, Route: /]
in SYSTEMPATH\Exceptions\FrameworkException.php on line 41.
 1 SYSTEMPATH\View\View.php(222): CodeIgniter\Exceptions\FrameworkException::forInvalidFile('template/header.php')
 2 SYSTEMPATH\Common.php(1171): CodeIgniter\View\View->render('template/header', [], true)
 3 APPPATH\Controllers\Home.php(9): view('template/header')
 4 SYSTEMPATH\CodeIgniter.php(933): App\Controllers\Home->index()
 5 SYSTEMPATH\CodeIgniter.php(509): CodeIgniter\CodeIgniter->runController(Object(App\Controllers\Home))
 6 SYSTEMPATH\CodeIgniter.php(355): CodeIgniter\CodeIgniter->handleRequest(null, Object(Config\Cache), false)
 7 SYSTEMPATH\Boot.php(312): CodeIgniter\CodeIgniter->run()
 8 SYSTEMPATH\Boot.php(67): CodeIgniter\Boot::runCodeIgniter(Object(CodeIgniter\CodeIgniter))
 9 FCPATH\index.php(56): CodeIgniter\Boot::bootWeb(Object(Config\Paths))
10 SYSTEMPATH\Commands\Server\rewrite.php(49): require_once('C:\\Users\\natal\\Desktop\\oc-demo-app\\public\\index.php')
CRITICAL - 2024-05-09 05:32:08 --> CodeIgniter\View\Exceptions\ViewException: Invalid file: "template/header.php"
[Method: GET, Route: /]
in SYSTEMPATH\Exceptions\FrameworkException.php on line 41.
 1 SYSTEMPATH\View\View.php(222): CodeIgniter\Exceptions\FrameworkException::forInvalidFile('template/header.php')
 2 SYSTEMPATH\Common.php(1171): CodeIgniter\View\View->render('template/header', [], true)
 3 APPPATH\Controllers\Home.php(9): view('template/header')
 4 SYSTEMPATH\CodeIgniter.php(933): App\Controllers\Home->index()
 5 SYSTEMPATH\CodeIgniter.php(509): CodeIgniter\CodeIgniter->runController(Object(App\Controllers\Home))
 6 SYSTEMPATH\CodeIgniter.php(355): CodeIgniter\CodeIgniter->handleRequest(null, Object(Config\Cache), false)
 7 SYSTEMPATH\Boot.php(312): CodeIgniter\CodeIgniter->run()
 8 SYSTEMPATH\Boot.php(67): CodeIgniter\Boot::runCodeIgniter(Object(CodeIgniter\CodeIgniter))
 9 FCPATH\index.php(56): CodeIgniter\Boot::bootWeb(Object(Config\Paths))
10 SYSTEMPATH\Commands\Server\rewrite.php(49): require_once('C:\\Users\\natal\\Desktop\\oc-demo-app\\public\\index.php')
CRITICAL - 2024-05-09 05:32:27 --> CodeIgniter\View\Exceptions\ViewException: Invalid file: "home.php"
[Method: GET, Route: /]
in SYSTEMPATH\Exceptions\FrameworkException.php on line 41.
 1 SYSTEMPATH\View\View.php(222): CodeIgniter\Exceptions\FrameworkException::forInvalidFile('home.php')
 2 SYSTEMPATH\Common.php(1171): CodeIgniter\View\View->render('home', [], true)
 3 APPPATH\Controllers\Home.php(9): view('home')
 4 SYSTEMPATH\CodeIgniter.php(933): App\Controllers\Home->index()
 5 SYSTEMPATH\CodeIgniter.php(509): CodeIgniter\CodeIgniter->runController(Object(App\Controllers\Home))
 6 SYSTEMPATH\CodeIgniter.php(355): CodeIgniter\CodeIgniter->handleRequest(null, Object(Config\Cache), false)
 7 SYSTEMPATH\Boot.php(312): CodeIgniter\CodeIgniter->run()
 8 SYSTEMPATH\Boot.php(67): CodeIgniter\Boot::runCodeIgniter(Object(CodeIgniter\CodeIgniter))
 9 FCPATH\index.php(56): CodeIgniter\Boot::bootWeb(Object(Config\Paths))
10 SYSTEMPATH\Commands\Server\rewrite.php(49): require_once('C:\\Users\\natal\\Desktop\\oc-demo-app\\public\\index.php')
CRITICAL - 2024-05-09 05:32:28 --> CodeIgniter\View\Exceptions\ViewException: Invalid file: "home.php"
[Method: GET, Route: /]
in SYSTEMPATH\Exceptions\FrameworkException.php on line 41.
 1 SYSTEMPATH\View\View.php(222): CodeIgniter\Exceptions\FrameworkException::forInvalidFile('home.php')
 2 SYSTEMPATH\Common.php(1171): CodeIgniter\View\View->render('home', [], true)
 3 APPPATH\Controllers\Home.php(9): view('home')
 4 SYSTEMPATH\CodeIgniter.php(933): App\Controllers\Home->index()
 5 SYSTEMPATH\CodeIgniter.php(509): CodeIgniter\CodeIgniter->runController(Object(App\Controllers\Home))
 6 SYSTEMPATH\CodeIgniter.php(355): CodeIgniter\CodeIgniter->handleRequest(null, Object(Config\Cache), false)
 7 SYSTEMPATH\Boot.php(312): CodeIgniter\CodeIgniter->run()
 8 SYSTEMPATH\Boot.php(67): CodeIgniter\Boot::runCodeIgniter(Object(CodeIgniter\CodeIgniter))
 9 FCPATH\index.php(56): CodeIgniter\Boot::bootWeb(Object(Config\Paths))
10 SYSTEMPATH\Commands\Server\rewrite.php(49): require_once('C:\\Users\\natal\\Desktop\\oc-demo-app\\public\\index.php')
CRITICAL - 2024-05-09 05:33:00 --> CodeIgniter\View\Exceptions\ViewException: Invalid file: "template/header.php"
[Method: GET, Route: /]
in SYSTEMPATH\Exceptions\FrameworkException.php on line 41.
 1 SYSTEMPATH\View\View.php(222): CodeIgniter\Exceptions\FrameworkException::forInvalidFile('template/header.php')
 2 SYSTEMPATH\Common.php(1171): CodeIgniter\View\View->render('template/header', [], true)
 3 APPPATH\Controllers\Home.php(9): view('template/header')
 4 SYSTEMPATH\CodeIgniter.php(933): App\Controllers\Home->index()
 5 SYSTEMPATH\CodeIgniter.php(509): CodeIgniter\CodeIgniter->runController(Object(App\Controllers\Home))
 6 SYSTEMPATH\CodeIgniter.php(355): CodeIgniter\CodeIgniter->handleRequest(null, Object(Config\Cache), false)
 7 SYSTEMPATH\Boot.php(312): CodeIgniter\CodeIgniter->run()
 8 SYSTEMPATH\Boot.php(67): CodeIgniter\Boot::runCodeIgniter(Object(CodeIgniter\CodeIgniter))
 9 FCPATH\index.php(56): CodeIgniter\Boot::bootWeb(Object(Config\Paths))
10 SYSTEMPATH\Commands\Server\rewrite.php(49): require_once('C:\\Users\\natal\\Desktop\\oc-demo-app\\public\\index.php')
CRITICAL - 2024-05-09 05:33:09 --> CodeIgniter\View\Exceptions\ViewException: Invalid file: "template/header.php"
[Method: GET, Route: /]
in SYSTEMPATH\Exceptions\FrameworkException.php on line 41.
 1 SYSTEMPATH\View\View.php(222): CodeIgniter\Exceptions\FrameworkException::forInvalidFile('template/header.php')
 2 SYSTEMPATH\Common.php(1171): CodeIgniter\View\View->render('template/header', [], true)
 3 APPPATH\Controllers\Home.php(9): view('template/header')
 4 SYSTEMPATH\CodeIgniter.php(933): App\Controllers\Home->index()
 5 SYSTEMPATH\CodeIgniter.php(509): CodeIgniter\CodeIgniter->runController(Object(App\Controllers\Home))
 6 SYSTEMPATH\CodeIgniter.php(355): CodeIgniter\CodeIgniter->handleRequest(null, Object(Config\Cache), false)
 7 SYSTEMPATH\Boot.php(312): CodeIgniter\CodeIgniter->run()
 8 SYSTEMPATH\Boot.php(67): CodeIgniter\Boot::runCodeIgniter(Object(CodeIgniter\CodeIgniter))
 9 FCPATH\index.php(56): CodeIgniter\Boot::bootWeb(Object(Config\Paths))
10 SYSTEMPATH\Commands\Server\rewrite.php(49): require_once('C:\\Users\\natal\\Desktop\\oc-demo-app\\public\\index.php')
CRITICAL - 2024-05-09 05:33:10 --> CodeIgniter\View\Exceptions\ViewException: Invalid file: "template/header.php"
[Method: GET, Route: /]
in SYSTEMPATH\Exceptions\FrameworkException.php on line 41.
 1 SYSTEMPATH\View\View.php(222): CodeIgniter\Exceptions\FrameworkException::forInvalidFile('template/header.php')
 2 SYSTEMPATH\Common.php(1171): CodeIgniter\View\View->render('template/header', [], true)
 3 APPPATH\Controllers\Home.php(9): view('template/header')
 4 SYSTEMPATH\CodeIgniter.php(933): App\Controllers\Home->index()
 5 SYSTEMPATH\CodeIgniter.php(509): CodeIgniter\CodeIgniter->runController(Object(App\Controllers\Home))
 6 SYSTEMPATH\CodeIgniter.php(355): CodeIgniter\CodeIgniter->handleRequest(null, Object(Config\Cache), false)
 7 SYSTEMPATH\Boot.php(312): CodeIgniter\CodeIgniter->run()
 8 SYSTEMPATH\Boot.php(67): CodeIgniter\Boot::runCodeIgniter(Object(CodeIgniter\CodeIgniter))
 9 FCPATH\index.php(56): CodeIgniter\Boot::bootWeb(Object(Config\Paths))
10 SYSTEMPATH\Commands\Server\rewrite.php(49): require_once('C:\\Users\\natal\\Desktop\\oc-demo-app\\public\\index.php')
CRITICAL - 2024-05-09 05:33:41 --> ErrorException: Undefined variable $producto
[Method: GET, Route: /]
in APPPATH\Views\orden-compra.php on line 10.
 1 APPPATH\Views\orden-compra.php(10): CodeIgniter\Debug\Exceptions->errorHandler(2, 'Undefined variable $producto', 'C:\\Users\\natal\\Desktop\\oc-demo-app\\app\\Views\\orden-compra.php', 10)
 2 SYSTEMPATH\View\View.php(234): include('C:\\Users\\natal\\Desktop\\oc-demo-app\\app\\Views\\orden-compra.php')
 3 SYSTEMPATH\View\View.php(237): CodeIgniter\View\View->CodeIgniter\View\{closure}()
 4 SYSTEMPATH\Common.php(1171): CodeIgniter\View\View->render('orden-compra', [], true)
 5 APPPATH\Controllers\Home.php(9): view('orden-compra')
 6 SYSTEMPATH\CodeIgniter.php(933): App\Controllers\Home->index()
 7 SYSTEMPATH\CodeIgniter.php(509): CodeIgniter\CodeIgniter->runController(Object(App\Controllers\Home))
 8 SYSTEMPATH\CodeIgniter.php(355): CodeIgniter\CodeIgniter->handleRequest(null, Object(Config\Cache), false)
 9 SYSTEMPATH\Boot.php(312): CodeIgniter\CodeIgniter->run()
10 SYSTEMPATH\Boot.php(67): CodeIgniter\Boot::runCodeIgniter(Object(CodeIgniter\CodeIgniter))
11 FCPATH\index.php(56): CodeIgniter\Boot::bootWeb(Object(Config\Paths))
12 SYSTEMPATH\Commands\Server\rewrite.php(49): require_once('C:\\Users\\natal\\Desktop\\oc-demo-app\\public\\index.php')
CRITICAL - 2024-05-09 05:33:42 --> ErrorException: Undefined variable $producto
[Method: GET, Route: /]
in APPPATH\Views\orden-compra.php on line 10.
 1 APPPATH\Views\orden-compra.php(10): CodeIgniter\Debug\Exceptions->errorHandler(2, 'Undefined variable $producto', 'C:\\Users\\natal\\Desktop\\oc-demo-app\\app\\Views\\orden-compra.php', 10)
 2 SYSTEMPATH\View\View.php(234): include('C:\\Users\\natal\\Desktop\\oc-demo-app\\app\\Views\\orden-compra.php')
 3 SYSTEMPATH\View\View.php(237): CodeIgniter\View\View->CodeIgniter\View\{closure}()
 4 SYSTEMPATH\Common.php(1171): CodeIgniter\View\View->render('orden-compra', [], true)
 5 APPPATH\Controllers\Home.php(9): view('orden-compra')
 6 SYSTEMPATH\CodeIgniter.php(933): App\Controllers\Home->index()
 7 SYSTEMPATH\CodeIgniter.php(509): CodeIgniter\CodeIgniter->runController(Object(App\Controllers\Home))
 8 SYSTEMPATH\CodeIgniter.php(355): CodeIgniter\CodeIgniter->handleRequest(null, Object(Config\Cache), false)
 9 SYSTEMPATH\Boot.php(312): CodeIgniter\CodeIgniter->run()
10 SYSTEMPATH\Boot.php(67): CodeIgniter\Boot::runCodeIgniter(Object(CodeIgniter\CodeIgniter))
11 FCPATH\index.php(56): CodeIgniter\Boot::bootWeb(Object(Config\Paths))
12 SYSTEMPATH\Commands\Server\rewrite.php(49): require_once('C:\\Users\\natal\\Desktop\\oc-demo-app\\public\\index.php')
CRITICAL - 2024-05-09 05:36:41 --> ErrorException: Undefined variable $producto
[Method: GET, Route: /]
in APPPATH\Views\aaa.php on line 10.
 1 APPPATH\Views\aaa.php(10): CodeIgniter\Debug\Exceptions->errorHandler(2, 'Undefined variable $producto', 'C:\\Users\\natal\\Desktop\\oc-demo-app\\app\\Views\\aaa.php', 10)
 2 SYSTEMPATH\View\View.php(234): include('C:\\Users\\natal\\Desktop\\oc-demo-app\\app\\Views\\aaa.php')
 3 SYSTEMPATH\View\View.php(237): CodeIgniter\View\View->CodeIgniter\View\{closure}()
 4 SYSTEMPATH\Common.php(1171): CodeIgniter\View\View->render('aaa', [], true)
 5 APPPATH\Controllers\Home.php(9): view('aaa')
 6 SYSTEMPATH\CodeIgniter.php(933): App\Controllers\Home->index()
 7 SYSTEMPATH\CodeIgniter.php(509): CodeIgniter\CodeIgniter->runController(Object(App\Controllers\Home))
 8 SYSTEMPATH\CodeIgniter.php(355): CodeIgniter\CodeIgniter->handleRequest(null, Object(Config\Cache), false)
 9 SYSTEMPATH\Boot.php(312): CodeIgniter\CodeIgniter->run()
10 SYSTEMPATH\Boot.php(67): CodeIgniter\Boot::runCodeIgniter(Object(CodeIgniter\CodeIgniter))
11 FCPATH\index.php(56): CodeIgniter\Boot::bootWeb(Object(Config\Paths))
12 SYSTEMPATH\Commands\Server\rewrite.php(49): require_once('C:\\Users\\natal\\Desktop\\oc-demo-app\\public\\index.php')
CRITICAL - 2024-05-09 05:36:48 --> ErrorException: Undefined variable $producto
[Method: GET, Route: /]
in APPPATH\Views\aaa.php on line 10.
 1 APPPATH\Views\aaa.php(10): CodeIgniter\Debug\Exceptions->errorHandler(2, 'Undefined variable $producto', 'C:\\Users\\natal\\Desktop\\oc-demo-app\\app\\Views\\aaa.php', 10)
 2 SYSTEMPATH\View\View.php(234): include('C:\\Users\\natal\\Desktop\\oc-demo-app\\app\\Views\\aaa.php')
 3 SYSTEMPATH\View\View.php(237): CodeIgniter\View\View->CodeIgniter\View\{closure}()
 4 SYSTEMPATH\Common.php(1171): CodeIgniter\View\View->render('aaa', [], true)
 5 APPPATH\Controllers\Home.php(9): view('aaa')
 6 SYSTEMPATH\CodeIgniter.php(933): App\Controllers\Home->index()
 7 SYSTEMPATH\CodeIgniter.php(509): CodeIgniter\CodeIgniter->runController(Object(App\Controllers\Home))
 8 SYSTEMPATH\CodeIgniter.php(355): CodeIgniter\CodeIgniter->handleRequest(null, Object(Config\Cache), false)
 9 SYSTEMPATH\Boot.php(312): CodeIgniter\CodeIgniter->run()
10 SYSTEMPATH\Boot.php(67): CodeIgniter\Boot::runCodeIgniter(Object(CodeIgniter\CodeIgniter))
11 FCPATH\index.php(56): CodeIgniter\Boot::bootWeb(Object(Config\Paths))
12 SYSTEMPATH\Commands\Server\rewrite.php(49): require_once('C:\\Users\\natal\\Desktop\\oc-demo-app\\public\\index.php')
CRITICAL - 2024-05-09 05:37:01 --> ErrorException: Undefined variable $producto
[Method: GET, Route: /]
in APPPATH\Views\aaa.php on line 10.
 1 APPPATH\Views\aaa.php(10): CodeIgniter\Debug\Exceptions->errorHandler(2, 'Undefined variable $producto', 'C:\\Users\\natal\\Desktop\\oc-demo-app\\app\\Views\\aaa.php', 10)
 2 SYSTEMPATH\View\View.php(234): include('C:\\Users\\natal\\Desktop\\oc-demo-app\\app\\Views\\aaa.php')
 3 SYSTEMPATH\View\View.php(237): CodeIgniter\View\View->CodeIgniter\View\{closure}()
 4 SYSTEMPATH\Common.php(1171): CodeIgniter\View\View->render('aaa', [], true)
 5 APPPATH\Controllers\Home.php(9): view('aaa')
 6 SYSTEMPATH\CodeIgniter.php(933): App\Controllers\Home->index()
 7 SYSTEMPATH\CodeIgniter.php(509): CodeIgniter\CodeIgniter->runController(Object(App\Controllers\Home))
 8 SYSTEMPATH\CodeIgniter.php(355): CodeIgniter\CodeIgniter->handleRequest(null, Object(Config\Cache), false)
 9 SYSTEMPATH\Boot.php(312): CodeIgniter\CodeIgniter->run()
10 SYSTEMPATH\Boot.php(67): CodeIgniter\Boot::runCodeIgniter(Object(CodeIgniter\CodeIgniter))
11 FCPATH\index.php(56): CodeIgniter\Boot::bootWeb(Object(Config\Paths))
12 SYSTEMPATH\Commands\Server\rewrite.php(49): require_once('C:\\Users\\natal\\Desktop\\oc-demo-app\\public\\index.php')
CRITICAL - 2024-05-09 05:37:02 --> ErrorException: Undefined variable $producto
[Method: GET, Route: /]
in APPPATH\Views\aaa.php on line 10.
 1 APPPATH\Views\aaa.php(10): CodeIgniter\Debug\Exceptions->errorHandler(2, 'Undefined variable $producto', 'C:\\Users\\natal\\Desktop\\oc-demo-app\\app\\Views\\aaa.php', 10)
 2 SYSTEMPATH\View\View.php(234): include('C:\\Users\\natal\\Desktop\\oc-demo-app\\app\\Views\\aaa.php')
 3 SYSTEMPATH\View\View.php(237): CodeIgniter\View\View->CodeIgniter\View\{closure}()
 4 SYSTEMPATH\Common.php(1171): CodeIgniter\View\View->render('aaa', [], true)
 5 APPPATH\Controllers\Home.php(9): view('aaa')
 6 SYSTEMPATH\CodeIgniter.php(933): App\Controllers\Home->index()
 7 SYSTEMPATH\CodeIgniter.php(509): CodeIgniter\CodeIgniter->runController(Object(App\Controllers\Home))
 8 SYSTEMPATH\CodeIgniter.php(355): CodeIgniter\CodeIgniter->handleRequest(null, Object(Config\Cache), false)
 9 SYSTEMPATH\Boot.php(312): CodeIgniter\CodeIgniter->run()
10 SYSTEMPATH\Boot.php(67): CodeIgniter\Boot::runCodeIgniter(Object(CodeIgniter\CodeIgniter))
11 FCPATH\index.php(56): CodeIgniter\Boot::bootWeb(Object(Config\Paths))
12 SYSTEMPATH\Commands\Server\rewrite.php(49): require_once('C:\\Users\\natal\\Desktop\\oc-demo-app\\public\\index.php')
CRITICAL - 2024-05-09 05:38:20 --> ErrorException: Undefined variable $producto
[Method: GET, Route: /]
in APPPATH\Views\aaa.php on line 10.
 1 APPPATH\Views\aaa.php(10): CodeIgniter\Debug\Exceptions->errorHandler(2, 'Undefined variable $producto', 'C:\\Users\\natal\\Desktop\\oc-demo-app\\app\\Views\\aaa.php', 10)
 2 SYSTEMPATH\View\View.php(234): include('C:\\Users\\natal\\Desktop\\oc-demo-app\\app\\Views\\aaa.php')
 3 SYSTEMPATH\View\View.php(237): CodeIgniter\View\View->CodeIgniter\View\{closure}()
 4 SYSTEMPATH\Common.php(1171): CodeIgniter\View\View->render('aaa', [], true)
 5 APPPATH\Controllers\Home.php(9): view('aaa')
 6 SYSTEMPATH\CodeIgniter.php(933): App\Controllers\Home->index()
 7 SYSTEMPATH\CodeIgniter.php(509): CodeIgniter\CodeIgniter->runController(Object(App\Controllers\Home))
 8 SYSTEMPATH\CodeIgniter.php(355): CodeIgniter\CodeIgniter->handleRequest(null, Object(Config\Cache), false)
 9 SYSTEMPATH\Boot.php(312): CodeIgniter\CodeIgniter->run()
10 SYSTEMPATH\Boot.php(67): CodeIgniter\Boot::runCodeIgniter(Object(CodeIgniter\CodeIgniter))
11 FCPATH\index.php(56): CodeIgniter\Boot::bootWeb(Object(Config\Paths))
12 SYSTEMPATH\Commands\Server\rewrite.php(49): require_once('C:\\Users\\natal\\Desktop\\oc-demo-app\\public\\index.php')
CRITICAL - 2024-05-09 05:39:04 --> ErrorException: Undefined variable $producto
[Method: GET, Route: /]
in APPPATH\Views\aaa.php on line 10.
 1 APPPATH\Views\aaa.php(10): CodeIgniter\Debug\Exceptions->errorHandler(2, 'Undefined variable $producto', 'C:\\Users\\natal\\Desktop\\oc-demo-app\\app\\Views\\aaa.php', 10)
 2 SYSTEMPATH\View\View.php(234): include('C:\\Users\\natal\\Desktop\\oc-demo-app\\app\\Views\\aaa.php')
 3 SYSTEMPATH\View\View.php(237): CodeIgniter\View\View->CodeIgniter\View\{closure}()
 4 SYSTEMPATH\Common.php(1171): CodeIgniter\View\View->render('aaa', [], true)
 5 APPPATH\Controllers\Home.php(9): view('aaa')
 6 SYSTEMPATH\CodeIgniter.php(933): App\Controllers\Home->index()
 7 SYSTEMPATH\CodeIgniter.php(509): CodeIgniter\CodeIgniter->runController(Object(App\Controllers\Home))
 8 SYSTEMPATH\CodeIgniter.php(355): CodeIgniter\CodeIgniter->handleRequest(null, Object(Config\Cache), false)
 9 SYSTEMPATH\Boot.php(312): CodeIgniter\CodeIgniter->run()
10 SYSTEMPATH\Boot.php(67): CodeIgniter\Boot::runCodeIgniter(Object(CodeIgniter\CodeIgniter))
11 FCPATH\index.php(56): CodeIgniter\Boot::bootWeb(Object(Config\Paths))
12 SYSTEMPATH\Commands\Server\rewrite.php(49): require_once('C:\\Users\\natal\\Desktop\\oc-demo-app\\public\\index.php')
CRITICAL - 2024-05-09 05:39:05 --> ErrorException: Undefined variable $producto
[Method: GET, Route: /]
in APPPATH\Views\aaa.php on line 10.
 1 APPPATH\Views\aaa.php(10): CodeIgniter\Debug\Exceptions->errorHandler(2, 'Undefined variable $producto', 'C:\\Users\\natal\\Desktop\\oc-demo-app\\app\\Views\\aaa.php', 10)
 2 SYSTEMPATH\View\View.php(234): include('C:\\Users\\natal\\Desktop\\oc-demo-app\\app\\Views\\aaa.php')
 3 SYSTEMPATH\View\View.php(237): CodeIgniter\View\View->CodeIgniter\View\{closure}()
 4 SYSTEMPATH\Common.php(1171): CodeIgniter\View\View->render('aaa', [], true)
 5 APPPATH\Controllers\Home.php(9): view('aaa')
 6 SYSTEMPATH\CodeIgniter.php(933): App\Controllers\Home->index()
 7 SYSTEMPATH\CodeIgniter.php(509): CodeIgniter\CodeIgniter->runController(Object(App\Controllers\Home))
 8 SYSTEMPATH\CodeIgniter.php(355): CodeIgniter\CodeIgniter->handleRequest(null, Object(Config\Cache), false)
 9 SYSTEMPATH\Boot.php(312): CodeIgniter\CodeIgniter->run()
10 SYSTEMPATH\Boot.php(67): CodeIgniter\Boot::runCodeIgniter(Object(CodeIgniter\CodeIgniter))
11 FCPATH\index.php(56): CodeIgniter\Boot::bootWeb(Object(Config\Paths))
12 SYSTEMPATH\Commands\Server\rewrite.php(49): require_once('C:\\Users\\natal\\Desktop\\oc-demo-app\\public\\index.php')
CRITICAL - 2024-05-09 05:39:05 --> ErrorException: Undefined variable $producto
[Method: GET, Route: /]
in APPPATH\Views\aaa.php on line 10.
 1 APPPATH\Views\aaa.php(10): CodeIgniter\Debug\Exceptions->errorHandler(2, 'Undefined variable $producto', 'C:\\Users\\natal\\Desktop\\oc-demo-app\\app\\Views\\aaa.php', 10)
 2 SYSTEMPATH\View\View.php(234): include('C:\\Users\\natal\\Desktop\\oc-demo-app\\app\\Views\\aaa.php')
 3 SYSTEMPATH\View\View.php(237): CodeIgniter\View\View->CodeIgniter\View\{closure}()
 4 SYSTEMPATH\Common.php(1171): CodeIgniter\View\View->render('aaa', [], true)
 5 APPPATH\Controllers\Home.php(9): view('aaa')
 6 SYSTEMPATH\CodeIgniter.php(933): App\Controllers\Home->index()
 7 SYSTEMPATH\CodeIgniter.php(509): CodeIgniter\CodeIgniter->runController(Object(App\Controllers\Home))
 8 SYSTEMPATH\CodeIgniter.php(355): CodeIgniter\CodeIgniter->handleRequest(null, Object(Config\Cache), false)
 9 SYSTEMPATH\Boot.php(312): CodeIgniter\CodeIgniter->run()
10 SYSTEMPATH\Boot.php(67): CodeIgniter\Boot::runCodeIgniter(Object(CodeIgniter\CodeIgniter))
11 FCPATH\index.php(56): CodeIgniter\Boot::bootWeb(Object(Config\Paths))
12 SYSTEMPATH\Commands\Server\rewrite.php(49): require_once('C:\\Users\\natal\\Desktop\\oc-demo-app\\public\\index.php')
CRITICAL - 2024-05-09 05:41:27 --> CodeIgniter\View\Exceptions\ViewException: Invalid file: "template/header.php"
[Method: GET, Route: orden-compra]
in SYSTEMPATH\Exceptions\FrameworkException.php on line 41.
 1 SYSTEMPATH\View\View.php(222): CodeIgniter\Exceptions\FrameworkException::forInvalidFile('template/header.php')
 2 SYSTEMPATH\Common.php(1171): CodeIgniter\View\View->render('template/header', [], true)
 3 APPPATH\Controllers\OrdenCompra.php(10): view('template/header')
 4 SYSTEMPATH\CodeIgniter.php(933): App\Controllers\OrdenCompra->index()
 5 SYSTEMPATH\CodeIgniter.php(509): CodeIgniter\CodeIgniter->runController(Object(App\Controllers\OrdenCompra))
 6 SYSTEMPATH\CodeIgniter.php(355): CodeIgniter\CodeIgniter->handleRequest(null, Object(Config\Cache), false)
 7 SYSTEMPATH\Boot.php(312): CodeIgniter\CodeIgniter->run()
 8 SYSTEMPATH\Boot.php(67): CodeIgniter\Boot::runCodeIgniter(Object(CodeIgniter\CodeIgniter))
 9 FCPATH\index.php(56): CodeIgniter\Boot::bootWeb(Object(Config\Paths))
10 SYSTEMPATH\Commands\Server\rewrite.php(49): require_once('C:\\Users\\natal\\Desktop\\oc-demo-app\\public\\index.php')
CRITICAL - 2024-05-09 05:43:03 --> CodeIgniter\View\Exceptions\ViewException: Invalid file: "template/header.php"
[Method: GET, Route: orden-compra]
in SYSTEMPATH\Exceptions\FrameworkException.php on line 41.
 1 SYSTEMPATH\View\View.php(222): CodeIgniter\Exceptions\FrameworkException::forInvalidFile('template/header.php')
 2 SYSTEMPATH\Common.php(1171): CodeIgniter\View\View->render('template/header', [], true)
 3 APPPATH\Controllers\OrdenCompra.php(10): view('template/header')
 4 SYSTEMPATH\CodeIgniter.php(933): App\Controllers\OrdenCompra->index()
 5 SYSTEMPATH\CodeIgniter.php(509): CodeIgniter\CodeIgniter->runController(Object(App\Controllers\OrdenCompra))
 6 SYSTEMPATH\CodeIgniter.php(355): CodeIgniter\CodeIgniter->handleRequest(null, Object(Config\Cache), false)
 7 SYSTEMPATH\Boot.php(312): CodeIgniter\CodeIgniter->run()
 8 SYSTEMPATH\Boot.php(67): CodeIgniter\Boot::runCodeIgniter(Object(CodeIgniter\CodeIgniter))
 9 FCPATH\index.php(56): CodeIgniter\Boot::bootWeb(Object(Config\Paths))
10 SYSTEMPATH\Commands\Server\rewrite.php(49): require_once('C:\\Users\\natal\\Desktop\\oc-demo-app\\public\\index.php')
CRITICAL - 2024-05-09 05:46:07 --> CodeIgniter\View\Exceptions\ViewException: Invalid file: "template/header.php"
[Method: GET, Route: orden-compra]
in SYSTEMPATH\Exceptions\FrameworkException.php on line 41.
 1 SYSTEMPATH\View\View.php(222): CodeIgniter\Exceptions\FrameworkException::forInvalidFile('template/header.php')
 2 SYSTEMPATH\Common.php(1171): CodeIgniter\View\View->render('template/header', [], true)
 3 APPPATH\Controllers\OrdenCompra.php(10): view('template/header')
 4 SYSTEMPATH\CodeIgniter.php(933): App\Controllers\OrdenCompra->index()
 5 SYSTEMPATH\CodeIgniter.php(509): CodeIgniter\CodeIgniter->runController(Object(App\Controllers\OrdenCompra))
 6 SYSTEMPATH\CodeIgniter.php(355): CodeIgniter\CodeIgniter->handleRequest(null, Object(Config\Cache), false)
 7 SYSTEMPATH\Boot.php(312): CodeIgniter\CodeIgniter->run()
 8 SYSTEMPATH\Boot.php(67): CodeIgniter\Boot::runCodeIgniter(Object(CodeIgniter\CodeIgniter))
 9 FCPATH\index.php(56): CodeIgniter\Boot::bootWeb(Object(Config\Paths))
10 SYSTEMPATH\Commands\Server\rewrite.php(49): require_once('C:\\Users\\natal\\Desktop\\oc-demo-app\\public\\index.php')
CRITICAL - 2024-05-09 05:46:08 --> CodeIgniter\View\Exceptions\ViewException: Invalid file: "template/header.php"
[Method: GET, Route: orden-compra]
in SYSTEMPATH\Exceptions\FrameworkException.php on line 41.
 1 SYSTEMPATH\View\View.php(222): CodeIgniter\Exceptions\FrameworkException::forInvalidFile('template/header.php')
 2 SYSTEMPATH\Common.php(1171): CodeIgniter\View\View->render('template/header', [], true)
 3 APPPATH\Controllers\OrdenCompra.php(10): view('template/header')
 4 SYSTEMPATH\CodeIgniter.php(933): App\Controllers\OrdenCompra->index()
 5 SYSTEMPATH\CodeIgniter.php(509): CodeIgniter\CodeIgniter->runController(Object(App\Controllers\OrdenCompra))
 6 SYSTEMPATH\CodeIgniter.php(355): CodeIgniter\CodeIgniter->handleRequest(null, Object(Config\Cache), false)
 7 SYSTEMPATH\Boot.php(312): CodeIgniter\CodeIgniter->run()
 8 SYSTEMPATH\Boot.php(67): CodeIgniter\Boot::runCodeIgniter(Object(CodeIgniter\CodeIgniter))
 9 FCPATH\index.php(56): CodeIgniter\Boot::bootWeb(Object(Config\Paths))
10 SYSTEMPATH\Commands\Server\rewrite.php(49): require_once('C:\\Users\\natal\\Desktop\\oc-demo-app\\public\\index.php')
CRITICAL - 2024-05-09 05:46:08 --> CodeIgniter\View\Exceptions\ViewException: Invalid file: "template/header.php"
[Method: GET, Route: orden-compra]
in SYSTEMPATH\Exceptions\FrameworkException.php on line 41.
 1 SYSTEMPATH\View\View.php(222): CodeIgniter\Exceptions\FrameworkException::forInvalidFile('template/header.php')
 2 SYSTEMPATH\Common.php(1171): CodeIgniter\View\View->render('template/header', [], true)
 3 APPPATH\Controllers\OrdenCompra.php(10): view('template/header')
 4 SYSTEMPATH\CodeIgniter.php(933): App\Controllers\OrdenCompra->index()
 5 SYSTEMPATH\CodeIgniter.php(509): CodeIgniter\CodeIgniter->runController(Object(App\Controllers\OrdenCompra))
 6 SYSTEMPATH\CodeIgniter.php(355): CodeIgniter\CodeIgniter->handleRequest(null, Object(Config\Cache), false)
 7 SYSTEMPATH\Boot.php(312): CodeIgniter\CodeIgniter->run()
 8 SYSTEMPATH\Boot.php(67): CodeIgniter\Boot::runCodeIgniter(Object(CodeIgniter\CodeIgniter))
 9 FCPATH\index.php(56): CodeIgniter\Boot::bootWeb(Object(Config\Paths))
10 SYSTEMPATH\Commands\Server\rewrite.php(49): require_once('C:\\Users\\natal\\Desktop\\oc-demo-app\\public\\index.php')
CRITICAL - 2024-05-09 05:46:09 --> CodeIgniter\View\Exceptions\ViewException: Invalid file: "template/header.php"
[Method: GET, Route: orden-compra]
in SYSTEMPATH\Exceptions\FrameworkException.php on line 41.
 1 SYSTEMPATH\View\View.php(222): CodeIgniter\Exceptions\FrameworkException::forInvalidFile('template/header.php')
 2 SYSTEMPATH\Common.php(1171): CodeIgniter\View\View->render('template/header', [], true)
 3 APPPATH\Controllers\OrdenCompra.php(10): view('template/header')
 4 SYSTEMPATH\CodeIgniter.php(933): App\Controllers\OrdenCompra->index()
 5 SYSTEMPATH\CodeIgniter.php(509): CodeIgniter\CodeIgniter->runController(Object(App\Controllers\OrdenCompra))
 6 SYSTEMPATH\CodeIgniter.php(355): CodeIgniter\CodeIgniter->handleRequest(null, Object(Config\Cache), false)
 7 SYSTEMPATH\Boot.php(312): CodeIgniter\CodeIgniter->run()
 8 SYSTEMPATH\Boot.php(67): CodeIgniter\Boot::runCodeIgniter(Object(CodeIgniter\CodeIgniter))
 9 FCPATH\index.php(56): CodeIgniter\Boot::bootWeb(Object(Config\Paths))
10 SYSTEMPATH\Commands\Server\rewrite.php(49): require_once('C:\\Users\\natal\\Desktop\\oc-demo-app\\public\\index.php')
CRITICAL - 2024-05-09 05:46:45 --> CodeIgniter\View\Exceptions\ViewException: Invalid file: "template/header.php"
[Method: GET, Route: orden-compra]
in SYSTEMPATH\Exceptions\FrameworkException.php on line 41.
 1 SYSTEMPATH\View\View.php(222): CodeIgniter\Exceptions\FrameworkException::forInvalidFile('template/header.php')
 2 SYSTEMPATH\Common.php(1171): CodeIgniter\View\View->render('template/header', [], true)
 3 APPPATH\Controllers\OrdenCompra.php(10): view('template/header')
 4 SYSTEMPATH\CodeIgniter.php(933): App\Controllers\OrdenCompra->index()
 5 SYSTEMPATH\CodeIgniter.php(509): CodeIgniter\CodeIgniter->runController(Object(App\Controllers\OrdenCompra))
 6 SYSTEMPATH\CodeIgniter.php(355): CodeIgniter\CodeIgniter->handleRequest(null, Object(Config\Cache), false)
 7 SYSTEMPATH\Boot.php(312): CodeIgniter\CodeIgniter->run()
 8 SYSTEMPATH\Boot.php(67): CodeIgniter\Boot::runCodeIgniter(Object(CodeIgniter\CodeIgniter))
 9 FCPATH\index.php(56): CodeIgniter\Boot::bootWeb(Object(Config\Paths))
10 SYSTEMPATH\Commands\Server\rewrite.php(49): require_once('C:\\Users\\natal\\Desktop\\oc-demo-app\\public\\index.php')
CRITICAL - 2024-05-09 05:46:46 --> CodeIgniter\View\Exceptions\ViewException: Invalid file: "template/header.php"
[Method: GET, Route: orden-compra]
in SYSTEMPATH\Exceptions\FrameworkException.php on line 41.
 1 SYSTEMPATH\View\View.php(222): CodeIgniter\Exceptions\FrameworkException::forInvalidFile('template/header.php')
 2 SYSTEMPATH\Common.php(1171): CodeIgniter\View\View->render('template/header', [], true)
 3 APPPATH\Controllers\OrdenCompra.php(10): view('template/header')
 4 SYSTEMPATH\CodeIgniter.php(933): App\Controllers\OrdenCompra->index()
 5 SYSTEMPATH\CodeIgniter.php(509): CodeIgniter\CodeIgniter->runController(Object(App\Controllers\OrdenCompra))
 6 SYSTEMPATH\CodeIgniter.php(355): CodeIgniter\CodeIgniter->handleRequest(null, Object(Config\Cache), false)
 7 SYSTEMPATH\Boot.php(312): CodeIgniter\CodeIgniter->run()
 8 SYSTEMPATH\Boot.php(67): CodeIgniter\Boot::runCodeIgniter(Object(CodeIgniter\CodeIgniter))
 9 FCPATH\index.php(56): CodeIgniter\Boot::bootWeb(Object(Config\Paths))
10 SYSTEMPATH\Commands\Server\rewrite.php(49): require_once('C:\\Users\\natal\\Desktop\\oc-demo-app\\public\\index.php')
CRITICAL - 2024-05-09 05:46:46 --> CodeIgniter\View\Exceptions\ViewException: Invalid file: "template/header.php"
[Method: GET, Route: orden-compra]
in SYSTEMPATH\Exceptions\FrameworkException.php on line 41.
 1 SYSTEMPATH\View\View.php(222): CodeIgniter\Exceptions\FrameworkException::forInvalidFile('template/header.php')
 2 SYSTEMPATH\Common.php(1171): CodeIgniter\View\View->render('template/header', [], true)
 3 APPPATH\Controllers\OrdenCompra.php(10): view('template/header')
 4 SYSTEMPATH\CodeIgniter.php(933): App\Controllers\OrdenCompra->index()
 5 SYSTEMPATH\CodeIgniter.php(509): CodeIgniter\CodeIgniter->runController(Object(App\Controllers\OrdenCompra))
 6 SYSTEMPATH\CodeIgniter.php(355): CodeIgniter\CodeIgniter->handleRequest(null, Object(Config\Cache), false)
 7 SYSTEMPATH\Boot.php(312): CodeIgniter\CodeIgniter->run()
 8 SYSTEMPATH\Boot.php(67): CodeIgniter\Boot::runCodeIgniter(Object(CodeIgniter\CodeIgniter))
 9 FCPATH\index.php(56): CodeIgniter\Boot::bootWeb(Object(Config\Paths))
10 SYSTEMPATH\Commands\Server\rewrite.php(49): require_once('C:\\Users\\natal\\Desktop\\oc-demo-app\\public\\index.php')
CRITICAL - 2024-05-09 05:46:47 --> CodeIgniter\View\Exceptions\ViewException: Invalid file: "template/header.php"
[Method: GET, Route: orden-compra]
in SYSTEMPATH\Exceptions\FrameworkException.php on line 41.
 1 SYSTEMPATH\View\View.php(222): CodeIgniter\Exceptions\FrameworkException::forInvalidFile('template/header.php')
 2 SYSTEMPATH\Common.php(1171): CodeIgniter\View\View->render('template/header', [], true)
 3 APPPATH\Controllers\OrdenCompra.php(10): view('template/header')
 4 SYSTEMPATH\CodeIgniter.php(933): App\Controllers\OrdenCompra->index()
 5 SYSTEMPATH\CodeIgniter.php(509): CodeIgniter\CodeIgniter->runController(Object(App\Controllers\OrdenCompra))
 6 SYSTEMPATH\CodeIgniter.php(355): CodeIgniter\CodeIgniter->handleRequest(null, Object(Config\Cache), false)
 7 SYSTEMPATH\Boot.php(312): CodeIgniter\CodeIgniter->run()
 8 SYSTEMPATH\Boot.php(67): CodeIgniter\Boot::runCodeIgniter(Object(CodeIgniter\CodeIgniter))
 9 FCPATH\index.php(56): CodeIgniter\Boot::bootWeb(Object(Config\Paths))
10 SYSTEMPATH\Commands\Server\rewrite.php(49): require_once('C:\\Users\\natal\\Desktop\\oc-demo-app\\public\\index.php')
CRITICAL - 2024-05-09 05:47:19 --> CodeIgniter\View\Exceptions\ViewException: Invalid file: "template/header.php"
[Method: GET, Route: orden-compra]
in SYSTEMPATH\Exceptions\FrameworkException.php on line 41.
 1 SYSTEMPATH\View\View.php(222): CodeIgniter\Exceptions\FrameworkException::forInvalidFile('template/header.php')
 2 SYSTEMPATH\Common.php(1171): CodeIgniter\View\View->render('template/header', [], true)
 3 APPPATH\Controllers\OrdenCompra.php(10): view('template/header')
 4 SYSTEMPATH\CodeIgniter.php(933): App\Controllers\OrdenCompra->index()
 5 SYSTEMPATH\CodeIgniter.php(509): CodeIgniter\CodeIgniter->runController(Object(App\Controllers\OrdenCompra))
 6 SYSTEMPATH\CodeIgniter.php(355): CodeIgniter\CodeIgniter->handleRequest(null, Object(Config\Cache), false)
 7 SYSTEMPATH\Boot.php(312): CodeIgniter\CodeIgniter->run()
 8 SYSTEMPATH\Boot.php(67): CodeIgniter\Boot::runCodeIgniter(Object(CodeIgniter\CodeIgniter))
 9 FCPATH\index.php(56): CodeIgniter\Boot::bootWeb(Object(Config\Paths))
10 SYSTEMPATH\Commands\Server\rewrite.php(49): require_once('C:\\Users\\natal\\Desktop\\oc-demo-app\\public\\index.php')
CRITICAL - 2024-05-09 05:47:19 --> CodeIgniter\View\Exceptions\ViewException: Invalid file: "template/header.php"
[Method: GET, Route: orden-compra]
in SYSTEMPATH\Exceptions\FrameworkException.php on line 41.
 1 SYSTEMPATH\View\View.php(222): CodeIgniter\Exceptions\FrameworkException::forInvalidFile('template/header.php')
 2 SYSTEMPATH\Common.php(1171): CodeIgniter\View\View->render('template/header', [], true)
 3 APPPATH\Controllers\OrdenCompra.php(10): view('template/header')
 4 SYSTEMPATH\CodeIgniter.php(933): App\Controllers\OrdenCompra->index()
 5 SYSTEMPATH\CodeIgniter.php(509): CodeIgniter\CodeIgniter->runController(Object(App\Controllers\OrdenCompra))
 6 SYSTEMPATH\CodeIgniter.php(355): CodeIgniter\CodeIgniter->handleRequest(null, Object(Config\Cache), false)
 7 SYSTEMPATH\Boot.php(312): CodeIgniter\CodeIgniter->run()
 8 SYSTEMPATH\Boot.php(67): CodeIgniter\Boot::runCodeIgniter(Object(CodeIgniter\CodeIgniter))
 9 FCPATH\index.php(56): CodeIgniter\Boot::bootWeb(Object(Config\Paths))
10 SYSTEMPATH\Commands\Server\rewrite.php(49): require_once('C:\\Users\\natal\\Desktop\\oc-demo-app\\public\\index.php')
CRITICAL - 2024-05-09 05:48:23 --> CodeIgniter\View\Exceptions\ViewException: Invalid file: "template/header.php"
[Method: GET, Route: orden-compra]
in SYSTEMPATH\Exceptions\FrameworkException.php on line 41.
 1 SYSTEMPATH\View\View.php(222): CodeIgniter\Exceptions\FrameworkException::forInvalidFile('template/header.php')
 2 SYSTEMPATH\Common.php(1171): CodeIgniter\View\View->render('template/header', [], true)
 3 APPPATH\Controllers\OrdenCompra.php(10): view('template/header')
 4 SYSTEMPATH\CodeIgniter.php(933): App\Controllers\OrdenCompra->index()
 5 SYSTEMPATH\CodeIgniter.php(509): CodeIgniter\CodeIgniter->runController(Object(App\Controllers\OrdenCompra))
 6 SYSTEMPATH\CodeIgniter.php(355): CodeIgniter\CodeIgniter->handleRequest(null, Object(Config\Cache), false)
 7 SYSTEMPATH\Boot.php(312): CodeIgniter\CodeIgniter->run()
 8 SYSTEMPATH\Boot.php(67): CodeIgniter\Boot::runCodeIgniter(Object(CodeIgniter\CodeIgniter))
 9 FCPATH\index.php(56): CodeIgniter\Boot::bootWeb(Object(Config\Paths))
10 SYSTEMPATH\Commands\Server\rewrite.php(49): require_once('C:\\Users\\natal\\Desktop\\oc-demo-app\\public\\index.php')
CRITICAL - 2024-05-09 05:50:10 --> CodeIgniter\View\Exceptions\ViewException: Invalid file: "template/footer.php"
[Method: GET, Route: orden-compra]
in SYSTEMPATH\Exceptions\FrameworkException.php on line 41.
 1 SYSTEMPATH\View\View.php(222): CodeIgniter\Exceptions\FrameworkException::forInvalidFile('template/footer.php')
 2 SYSTEMPATH\Common.php(1171): CodeIgniter\View\View->render('template/footer', [], true)
 3 APPPATH\Controllers\OrdenCompra.php(15): view('template/footer')
 4 SYSTEMPATH\CodeIgniter.php(933): App\Controllers\OrdenCompra->index()
 5 SYSTEMPATH\CodeIgniter.php(509): CodeIgniter\CodeIgniter->runController(Object(App\Controllers\OrdenCompra))
 6 SYSTEMPATH\CodeIgniter.php(355): CodeIgniter\CodeIgniter->handleRequest(null, Object(Config\Cache), false)
 7 SYSTEMPATH\Boot.php(312): CodeIgniter\CodeIgniter->run()
 8 SYSTEMPATH\Boot.php(67): CodeIgniter\Boot::runCodeIgniter(Object(CodeIgniter\CodeIgniter))
 9 FCPATH\index.php(56): CodeIgniter\Boot::bootWeb(Object(Config\Paths))
10 SYSTEMPATH\Commands\Server\rewrite.php(49): require_once('C:\\Users\\natal\\Desktop\\oc-demo-app\\public\\index.php')
CRITICAL - 2024-05-09 05:51:57 --> CodeIgniter\View\Exceptions\ViewException: Invalid file: "template/header.php"
[Method: GET, Route: orden-compra]
in SYSTEMPATH\Exceptions\FrameworkException.php on line 41.
 1 SYSTEMPATH\View\View.php(222): CodeIgniter\Exceptions\FrameworkException::forInvalidFile('template/header.php')
 2 SYSTEMPATH\Common.php(1171): CodeIgniter\View\View->render('template/header', [], true)
 3 APPPATH\Controllers\OrdenCompra.php(10): view('template/header')
 4 SYSTEMPATH\CodeIgniter.php(933): App\Controllers\OrdenCompra->index()
 5 SYSTEMPATH\CodeIgniter.php(509): CodeIgniter\CodeIgniter->runController(Object(App\Controllers\OrdenCompra))
 6 SYSTEMPATH\CodeIgniter.php(355): CodeIgniter\CodeIgniter->handleRequest(null, Object(Config\Cache), false)
 7 SYSTEMPATH\Boot.php(312): CodeIgniter\CodeIgniter->run()
 8 SYSTEMPATH\Boot.php(67): CodeIgniter\Boot::runCodeIgniter(Object(CodeIgniter\CodeIgniter))
 9 FCPATH\index.php(56): CodeIgniter\Boot::bootWeb(Object(Config\Paths))
10 SYSTEMPATH\Commands\Server\rewrite.php(49): require_once('C:\\Users\\natal\\Desktop\\oc-demo-app\\public\\index.php')
CRITICAL - 2024-05-09 05:52:09 --> CodeIgniter\View\Exceptions\ViewException: Invalid file: "template/header.php"
[Method: GET, Route: orden-compra]
in SYSTEMPATH\Exceptions\FrameworkException.php on line 41.
 1 SYSTEMPATH\View\View.php(222): CodeIgniter\Exceptions\FrameworkException::forInvalidFile('template/header.php')
 2 SYSTEMPATH\Common.php(1171): CodeIgniter\View\View->render('template/header', [], true)
 3 APPPATH\Controllers\OrdenCompra.php(10): view('template/header')
 4 SYSTEMPATH\CodeIgniter.php(933): App\Controllers\OrdenCompra->index()
 5 SYSTEMPATH\CodeIgniter.php(509): CodeIgniter\CodeIgniter->runController(Object(App\Controllers\OrdenCompra))
 6 SYSTEMPATH\CodeIgniter.php(355): CodeIgniter\CodeIgniter->handleRequest(null, Object(Config\Cache), false)
 7 SYSTEMPATH\Boot.php(312): CodeIgniter\CodeIgniter->run()
 8 SYSTEMPATH\Boot.php(67): CodeIgniter\Boot::runCodeIgniter(Object(CodeIgniter\CodeIgniter))
 9 FCPATH\index.php(56): CodeIgniter\Boot::bootWeb(Object(Config\Paths))
10 SYSTEMPATH\Commands\Server\rewrite.php(49): require_once('C:\\Users\\natal\\Desktop\\oc-demo-app\\public\\index.php')
CRITICAL - 2024-05-09 05:52:38 --> CodeIgniter\View\Exceptions\ViewException: Invalid file: "template/header.php"
[Method: GET, Route: orden-compra]
in SYSTEMPATH\Exceptions\FrameworkException.php on line 41.
 1 SYSTEMPATH\View\View.php(222): CodeIgniter\Exceptions\FrameworkException::forInvalidFile('template/header.php')
 2 SYSTEMPATH\Common.php(1171): CodeIgniter\View\View->render('template/header', [], true)
 3 APPPATH\Controllers\OrdenCompra.php(10): view('template/header')
 4 SYSTEMPATH\CodeIgniter.php(933): App\Controllers\OrdenCompra->index()
 5 SYSTEMPATH\CodeIgniter.php(509): CodeIgniter\CodeIgniter->runController(Object(App\Controllers\OrdenCompra))
 6 SYSTEMPATH\CodeIgniter.php(355): CodeIgniter\CodeIgniter->handleRequest(null, Object(Config\Cache), false)
 7 SYSTEMPATH\Boot.php(312): CodeIgniter\CodeIgniter->run()
 8 SYSTEMPATH\Boot.php(67): CodeIgniter\Boot::runCodeIgniter(Object(CodeIgniter\CodeIgniter))
 9 FCPATH\index.php(56): CodeIgniter\Boot::bootWeb(Object(Config\Paths))
10 SYSTEMPATH\Commands\Server\rewrite.php(49): require_once('C:\\Users\\natal\\Desktop\\oc-demo-app\\public\\index.php')
CRITICAL - 2024-05-09 05:52:49 --> CodeIgniter\View\Exceptions\ViewException: Invalid file: "template/header.php"
[Method: GET, Route: orden-compra]
in SYSTEMPATH\Exceptions\FrameworkException.php on line 41.
 1 SYSTEMPATH\View\View.php(222): CodeIgniter\Exceptions\FrameworkException::forInvalidFile('template/header.php')
 2 SYSTEMPATH\Common.php(1171): CodeIgniter\View\View->render('template/header', [], true)
 3 APPPATH\Controllers\OrdenCompra.php(10): view('template/header')
 4 SYSTEMPATH\CodeIgniter.php(933): App\Controllers\OrdenCompra->index()
 5 SYSTEMPATH\CodeIgniter.php(509): CodeIgniter\CodeIgniter->runController(Object(App\Controllers\OrdenCompra))
 6 SYSTEMPATH\CodeIgniter.php(355): CodeIgniter\CodeIgniter->handleRequest(null, Object(Config\Cache), false)
 7 SYSTEMPATH\Boot.php(312): CodeIgniter\CodeIgniter->run()
 8 SYSTEMPATH\Boot.php(67): CodeIgniter\Boot::runCodeIgniter(Object(CodeIgniter\CodeIgniter))
 9 FCPATH\index.php(56): CodeIgniter\Boot::bootWeb(Object(Config\Paths))
10 SYSTEMPATH\Commands\Server\rewrite.php(49): require_once('C:\\Users\\natal\\Desktop\\oc-demo-app\\public\\index.php')
CRITICAL - 2024-05-09 05:53:02 --> CodeIgniter\View\Exceptions\ViewException: Invalid file: "template/header.php"
[Method: GET, Route: orden-compra]
in SYSTEMPATH\Exceptions\FrameworkException.php on line 41.
 1 SYSTEMPATH\View\View.php(222): CodeIgniter\Exceptions\FrameworkException::forInvalidFile('template/header.php')
 2 SYSTEMPATH\Common.php(1171): CodeIgniter\View\View->render('template/header', [], true)
 3 APPPATH\Controllers\OrdenCompra.php(10): view('template/header')
 4 SYSTEMPATH\CodeIgniter.php(933): App\Controllers\OrdenCompra->index()
 5 SYSTEMPATH\CodeIgniter.php(509): CodeIgniter\CodeIgniter->runController(Object(App\Controllers\OrdenCompra))
 6 SYSTEMPATH\CodeIgniter.php(355): CodeIgniter\CodeIgniter->handleRequest(null, Object(Config\Cache), false)
 7 SYSTEMPATH\Boot.php(312): CodeIgniter\CodeIgniter->run()
 8 SYSTEMPATH\Boot.php(67): CodeIgniter\Boot::runCodeIgniter(Object(CodeIgniter\CodeIgniter))
 9 FCPATH\index.php(56): CodeIgniter\Boot::bootWeb(Object(Config\Paths))
10 SYSTEMPATH\Commands\Server\rewrite.php(49): require_once('C:\\Users\\natal\\Desktop\\oc-demo-app\\public\\index.php')
CRITICAL - 2024-05-09 05:53:03 --> CodeIgniter\View\Exceptions\ViewException: Invalid file: "template/header.php"
[Method: GET, Route: orden-compra]
in SYSTEMPATH\Exceptions\FrameworkException.php on line 41.
 1 SYSTEMPATH\View\View.php(222): CodeIgniter\Exceptions\FrameworkException::forInvalidFile('template/header.php')
 2 SYSTEMPATH\Common.php(1171): CodeIgniter\View\View->render('template/header', [], true)
 3 APPPATH\Controllers\OrdenCompra.php(10): view('template/header')
 4 SYSTEMPATH\CodeIgniter.php(933): App\Controllers\OrdenCompra->index()
 5 SYSTEMPATH\CodeIgniter.php(509): CodeIgniter\CodeIgniter->runController(Object(App\Controllers\OrdenCompra))
 6 SYSTEMPATH\CodeIgniter.php(355): CodeIgniter\CodeIgniter->handleRequest(null, Object(Config\Cache), false)
 7 SYSTEMPATH\Boot.php(312): CodeIgniter\CodeIgniter->run()
 8 SYSTEMPATH\Boot.php(67): CodeIgniter\Boot::runCodeIgniter(Object(CodeIgniter\CodeIgniter))
 9 FCPATH\index.php(56): CodeIgniter\Boot::bootWeb(Object(Config\Paths))
10 SYSTEMPATH\Commands\Server\rewrite.php(49): require_once('C:\\Users\\natal\\Desktop\\oc-demo-app\\public\\index.php')
CRITICAL - 2024-05-09 05:53:20 --> CodeIgniter\View\Exceptions\ViewException: Invalid file: "template/header.php"
[Method: GET, Route: orden-compra]
in SYSTEMPATH\Exceptions\FrameworkException.php on line 41.
 1 SYSTEMPATH\View\View.php(222): CodeIgniter\Exceptions\FrameworkException::forInvalidFile('template/header.php')
 2 SYSTEMPATH\Common.php(1171): CodeIgniter\View\View->render('template/header', [], true)
 3 APPPATH\Controllers\OrdenCompra.php(10): view('template/header')
 4 SYSTEMPATH\CodeIgniter.php(933): App\Controllers\OrdenCompra->index()
 5 SYSTEMPATH\CodeIgniter.php(509): CodeIgniter\CodeIgniter->runController(Object(App\Controllers\OrdenCompra))
 6 SYSTEMPATH\CodeIgniter.php(355): CodeIgniter\CodeIgniter->handleRequest(null, Object(Config\Cache), false)
 7 SYSTEMPATH\Boot.php(312): CodeIgniter\CodeIgniter->run()
 8 SYSTEMPATH\Boot.php(67): CodeIgniter\Boot::runCodeIgniter(Object(CodeIgniter\CodeIgniter))
 9 FCPATH\index.php(56): CodeIgniter\Boot::bootWeb(Object(Config\Paths))
10 SYSTEMPATH\Commands\Server\rewrite.php(49): require_once('C:\\Users\\natal\\Desktop\\oc-demo-app\\public\\index.php')
CRITICAL - 2024-05-09 05:53:28 --> CodeIgniter\View\Exceptions\ViewException: Invalid file: "template/header.php"
[Method: GET, Route: orden-compra]
in SYSTEMPATH\Exceptions\FrameworkException.php on line 41.
 1 SYSTEMPATH\View\View.php(222): CodeIgniter\Exceptions\FrameworkException::forInvalidFile('template/header.php')
 2 SYSTEMPATH\Common.php(1171): CodeIgniter\View\View->render('template/header', [], true)
 3 APPPATH\Controllers\OrdenCompra.php(10): view('template/header')
 4 SYSTEMPATH\CodeIgniter.php(933): App\Controllers\OrdenCompra->index()
 5 SYSTEMPATH\CodeIgniter.php(509): CodeIgniter\CodeIgniter->runController(Object(App\Controllers\OrdenCompra))
 6 SYSTEMPATH\CodeIgniter.php(355): CodeIgniter\CodeIgniter->handleRequest(null, Object(Config\Cache), false)
 7 SYSTEMPATH\Boot.php(312): CodeIgniter\CodeIgniter->run()
 8 SYSTEMPATH\Boot.php(67): CodeIgniter\Boot::runCodeIgniter(Object(CodeIgniter\CodeIgniter))
 9 FCPATH\index.php(56): CodeIgniter\Boot::bootWeb(Object(Config\Paths))
10 SYSTEMPATH\Commands\Server\rewrite.php(49): require_once('C:\\Users\\natal\\Desktop\\oc-demo-app\\public\\index.php')
